0000              1   ;--------------------------------------------------------
0000              2   ; File Created by C51
0000              3   ; Version 1.0.0 #1069 (Apr 23 2015) (MSVC)
0000              4   ; This file was generated Sun Mar 26 19:11:01 2017
0000              5   ;--------------------------------------------------------
                  5   $name pwm_F38x
                  6   $optc51 --model-small
0000              8            R_DSEG    segment data
0000              9            R_CSEG    segment code
0000             10            R_BSEG    segment bit
0000             11            R_XSEG    segment xdata
0000             12            R_PSEG    segment xdata
0000             13            R_ISEG    segment idata
0000             14            R_OSEG    segment data overlay
0000             15            BIT_BANK  segment data overlay
0000             16            R_HOME    segment code
0000             17            R_GSINIT  segment code
0000             18            R_IXSEG   segment xdata
0000             19            R_CONST   segment code
0000             20            R_XINIT   segment code
0000             21            R_DINIT   segment code
0000             22   
0000             23   ;--------------------------------------------------------
0000             24   ; Public variables in this module
0000             25   ;--------------------------------------------------------
0000             26            public _main
0000             27            public _ControlUnit
0000             28            public _Timer2_ISR
0000             29            public _InitADC
0000             30            public _waitms
0000             31            public _Timer3us
0000             32            public __c51_external_startup
0000             33            public _i
0000             34            public _dirout
0000             35            public _pwm_out3
0000             36            public _pwm_out2
0000             37            public _pwm_out1
0000             38            public _pwm_out0
0000             39            public _power
0000             40            public _pwm_count
0000             41   ;--------------------------------------------------------
0000             42   ; Special Function Registers
0000             43   ;--------------------------------------------------------
0000             44   _P0             DATA 0x80
0000             45   _SP             DATA 0x81
0000             46   _DPL            DATA 0x82
0000             47   _DPH            DATA 0x83
0000             48   _EMI0TC         DATA 0x84
0000             49   _EMI0CF         DATA 0x85
0000             50   _OSCLCN         DATA 0x86
0000             51   _PCON           DATA 0x87
0000             52   _TCON           DATA 0x88
0000             53   _TMOD           DATA 0x89
0000             54   _TL0            DATA 0x8a
0000             55   _TL1            DATA 0x8b
0000             56   _TH0            DATA 0x8c
0000             57   _TH1            DATA 0x8d
0000             58   _CKCON          DATA 0x8e
0000             59   _PSCTL          DATA 0x8f
0000             60   _P1             DATA 0x90
0000             61   _TMR3CN         DATA 0x91
0000             62   _TMR4CN         DATA 0x91
0000             63   _TMR3RLL        DATA 0x92
0000             64   _TMR4RLL        DATA 0x92
0000             65   _TMR3RLH        DATA 0x93
0000             66   _TMR4RLH        DATA 0x93
0000             67   _TMR3L          DATA 0x94
0000             68   _TMR4L          DATA 0x94
0000             69   _TMR3H          DATA 0x95
0000             70   _TMR4H          DATA 0x95
0000             71   _USB0ADR        DATA 0x96
0000             72   _USB0DAT        DATA 0x97
0000             73   _SCON           DATA 0x98
0000             74   _SCON0          DATA 0x98
0000             75   _SBUF           DATA 0x99
0000             76   _SBUF0          DATA 0x99
0000             77   _CPT1CN         DATA 0x9a
0000             78   _CPT0CN         DATA 0x9b
0000             79   _CPT1MD         DATA 0x9c
0000             80   _CPT0MD         DATA 0x9d
0000             81   _CPT1MX         DATA 0x9e
0000             82   _CPT0MX         DATA 0x9f
0000             83   _P2             DATA 0xa0
0000             84   _SPI0CFG        DATA 0xa1
0000             85   _SPI0CKR        DATA 0xa2
0000             86   _SPI0DAT        DATA 0xa3
0000             87   _P0MDOUT        DATA 0xa4
0000             88   _P1MDOUT        DATA 0xa5
0000             89   _P2MDOUT        DATA 0xa6
0000             90   _P3MDOUT        DATA 0xa7
0000             91   _IE             DATA 0xa8
0000             92   _CLKSEL         DATA 0xa9
0000             93   _EMI0CN         DATA 0xaa
0000             94   __XPAGE         DATA 0xaa
0000             95   _SBCON1         DATA 0xac
0000             96   _P4MDOUT        DATA 0xae
0000             97   _PFE0CN         DATA 0xaf
0000             98   _P3             DATA 0xb0
0000             99   _OSCXCN         DATA 0xb1
0000            100   _OSCICN         DATA 0xb2
0000            101   _OSCICL         DATA 0xb3
0000            102   _SBRLL1         DATA 0xb4
0000            103   _SBRLH1         DATA 0xb5
0000            104   _FLSCL          DATA 0xb6
0000            105   _FLKEY          DATA 0xb7
0000            106   _IP             DATA 0xb8
0000            107   _CLKMUL         DATA 0xb9
0000            108   _SMBTC          DATA 0xb9
0000            109   _AMX0N          DATA 0xba
0000            110   _AMX0P          DATA 0xbb
0000            111   _ADC0CF         DATA 0xbc
0000            112   _ADC0L          DATA 0xbd
0000            113   _ADC0H          DATA 0xbe
0000            114   _SFRPAGE        DATA 0xbf
0000            115   _SMB0CN         DATA 0xc0
0000            116   _SMB1CN         DATA 0xc0
0000            117   _SMB0CF         DATA 0xc1
0000            118   _SMB1CF         DATA 0xc1
0000            119   _SMB0DAT        DATA 0xc2
0000            120   _SMB1DAT        DATA 0xc2
0000            121   _ADC0GTL        DATA 0xc3
0000            122   _ADC0GTH        DATA 0xc4
0000            123   _ADC0LTL        DATA 0xc5
0000            124   _ADC0LTH        DATA 0xc6
0000            125   _P4             DATA 0xc7
0000            126   _TMR2CN         DATA 0xc8
0000            127   _TMR5CN         DATA 0xc8
0000            128   _REG01CN        DATA 0xc9
0000            129   _TMR2RLL        DATA 0xca
0000            130   _TMR5RLL        DATA 0xca
0000            131   _TMR2RLH        DATA 0xcb
0000            132   _TMR5RLH        DATA 0xcb
0000            133   _TMR2L          DATA 0xcc
0000            134   _TMR5L          DATA 0xcc
0000            135   _TMR2H          DATA 0xcd
0000            136   _TMR5H          DATA 0xcd
0000            137   _SMB0ADM        DATA 0xce
0000            138   _SMB1ADM        DATA 0xce
0000            139   _SMB0ADR        DATA 0xcf
0000            140   _SMB1ADR        DATA 0xcf
0000            141   _PSW            DATA 0xd0
0000            142   _REF0CN         DATA 0xd1
0000            143   _SCON1          DATA 0xd2
0000            144   _SBUF1          DATA 0xd3
0000            145   _P0SKIP         DATA 0xd4
0000            146   _P1SKIP         DATA 0xd5
0000            147   _P2SKIP         DATA 0xd6
0000            148   _USB0XCN        DATA 0xd7
0000            149   _PCA0CN         DATA 0xd8
0000            150   _PCA0MD         DATA 0xd9
0000            151   _PCA0CPM0       DATA 0xda
0000            152   _PCA0CPM1       DATA 0xdb
0000            153   _PCA0CPM2       DATA 0xdc
0000            154   _PCA0CPM3       DATA 0xdd
0000            155   _PCA0CPM4       DATA 0xde
0000            156   _P3SKIP         DATA 0xdf
0000            157   _ACC            DATA 0xe0
0000            158   _XBR0           DATA 0xe1
0000            159   _XBR1           DATA 0xe2
0000            160   _XBR2           DATA 0xe3
0000            161   _IT01CF         DATA 0xe4
0000            162   _CKCON1         DATA 0xe4
0000            163   _SMOD1          DATA 0xe5
0000            164   _EIE1           DATA 0xe6
0000            165   _EIE2           DATA 0xe7
0000            166   _ADC0CN         DATA 0xe8
0000            167   _PCA0CPL1       DATA 0xe9
0000            168   _PCA0CPH1       DATA 0xea
0000            169   _PCA0CPL2       DATA 0xeb
0000            170   _PCA0CPH2       DATA 0xec
0000            171   _PCA0CPL3       DATA 0xed
0000            172   _PCA0CPH3       DATA 0xee
0000            173   _RSTSRC         DATA 0xef
0000            174   _B              DATA 0xf0
0000            175   _P0MDIN         DATA 0xf1
0000            176   _P1MDIN         DATA 0xf2
0000            177   _P2MDIN         DATA 0xf3
0000            178   _P3MDIN         DATA 0xf4
0000            179   _P4MDIN         DATA 0xf5
0000            180   _EIP1           DATA 0xf6
0000            181   _EIP2           DATA 0xf7
0000            182   _SPI0CN         DATA 0xf8
0000            183   _PCA0L          DATA 0xf9
0000            184   _PCA0H          DATA 0xfa
0000            185   _PCA0CPL0       DATA 0xfb
0000            186   _PCA0CPH0       DATA 0xfc
0000            187   _PCA0CPL4       DATA 0xfd
0000            188   _PCA0CPH4       DATA 0xfe
0000            189   _VDM0CN         DATA 0xff
0000            190   _DPTR           DATA 0x8382
0000            191   _TMR2RL         DATA 0xcbca
0000            192   _TMR3RL         DATA 0x9392
0000            193   _TMR4RL         DATA 0x9392
0000            194   _TMR5RL         DATA 0xcbca
0000            195   _TMR2           DATA 0xcdcc
0000            196   _TMR3           DATA 0x9594
0000            197   _TMR4           DATA 0x9594
0000            198   _TMR5           DATA 0xcdcc
0000            199   _SBRL1          DATA 0xb5b4
0000            200   _ADC0           DATA 0xbebd
0000            201   _ADC0GT         DATA 0xc4c3
0000            202   _ADC0LT         DATA 0xc6c5
0000            203   _PCA0           DATA 0xfaf9
0000            204   _PCA0CP1        DATA 0xeae9
0000            205   _PCA0CP2        DATA 0xeceb
0000            206   _PCA0CP3        DATA 0xeeed
0000            207   _PCA0CP0        DATA 0xfcfb
0000            208   _PCA0CP4        DATA 0xfefd
0000            209   ;--------------------------------------------------------
0000            210   ; special function bits
0000            211   ;--------------------------------------------------------
0000            212   _P0_0           BIT 0x80
0000            213   _P0_1           BIT 0x81
0000            214   _P0_2           BIT 0x82
0000            215   _P0_3           BIT 0x83
0000            216   _P0_4           BIT 0x84
0000            217   _P0_5           BIT 0x85
0000            218   _P0_6           BIT 0x86
0000            219   _P0_7           BIT 0x87
0000            220   _TF1            BIT 0x8f
0000            221   _TR1            BIT 0x8e
0000            222   _TF0            BIT 0x8d
0000            223   _TR0            BIT 0x8c
0000            224   _IE1            BIT 0x8b
0000            225   _IT1            BIT 0x8a
0000            226   _IE0            BIT 0x89
0000            227   _IT0            BIT 0x88
0000            228   _P1_0           BIT 0x90
0000            229   _P1_1           BIT 0x91
0000            230   _P1_2           BIT 0x92
0000            231   _P1_3           BIT 0x93
0000            232   _P1_4           BIT 0x94
0000            233   _P1_5           BIT 0x95
0000            234   _P1_6           BIT 0x96
0000            235   _P1_7           BIT 0x97
0000            236   _S0MODE         BIT 0x9f
0000            237   _SCON0_6        BIT 0x9e
0000            238   _MCE0           BIT 0x9d
0000            239   _REN0           BIT 0x9c
0000            240   _TB80           BIT 0x9b
0000            241   _RB80           BIT 0x9a
0000            242   _TI0            BIT 0x99
0000            243   _RI0            BIT 0x98
0000            244   _SCON_6         BIT 0x9e
0000            245   _MCE            BIT 0x9d
0000            246   _REN            BIT 0x9c
0000            247   _TB8            BIT 0x9b
0000            248   _RB8            BIT 0x9a
0000            249   _TI             BIT 0x99
0000            250   _RI             BIT 0x98
0000            251   _P2_0           BIT 0xa0
0000            252   _P2_1           BIT 0xa1
0000            253   _P2_2           BIT 0xa2
0000            254   _P2_3           BIT 0xa3
0000            255   _P2_4           BIT 0xa4
0000            256   _P2_5           BIT 0xa5
0000            257   _P2_6           BIT 0xa6
0000            258   _P2_7           BIT 0xa7
0000            259   _EA             BIT 0xaf
0000            260   _ESPI0          BIT 0xae
0000            261   _ET2            BIT 0xad
0000            262   _ES0            BIT 0xac
0000            263   _ET1            BIT 0xab
0000            264   _EX1            BIT 0xaa
0000            265   _ET0            BIT 0xa9
0000            266   _EX0            BIT 0xa8
0000            267   _P3_0           BIT 0xb0
0000            268   _P3_1           BIT 0xb1
0000            269   _P3_2           BIT 0xb2
0000            270   _P3_3           BIT 0xb3
0000            271   _P3_4           BIT 0xb4
0000            272   _P3_5           BIT 0xb5
0000            273   _P3_6           BIT 0xb6
0000            274   _P3_7           BIT 0xb7
0000            275   _IP_7           BIT 0xbf
0000            276   _PSPI0          BIT 0xbe
0000            277   _PT2            BIT 0xbd
0000            278   _PS0            BIT 0xbc
0000            279   _PT1            BIT 0xbb
0000            280   _PX1            BIT 0xba
0000            281   _PT0            BIT 0xb9
0000            282   _PX0            BIT 0xb8
0000            283   _MASTER0        BIT 0xc7
0000            284   _TXMODE0        BIT 0xc6
0000            285   _STA0           BIT 0xc5
0000            286   _STO0           BIT 0xc4
0000            287   _ACKRQ0         BIT 0xc3
0000            288   _ARBLOST0       BIT 0xc2
0000            289   _ACK0           BIT 0xc1
0000            290   _SI0            BIT 0xc0
0000            291   _MASTER1        BIT 0xc7
0000            292   _TXMODE1        BIT 0xc6
0000            293   _STA1           BIT 0xc5
0000            294   _STO1           BIT 0xc4
0000            295   _ACKRQ1         BIT 0xc3
0000            296   _ARBLOST1       BIT 0xc2
0000            297   _ACK1           BIT 0xc1
0000            298   _SI1            BIT 0xc0
0000            299   _TF2            BIT 0xcf
0000            300   _TF2H           BIT 0xcf
0000            301   _TF2L           BIT 0xce
0000            302   _TF2LEN         BIT 0xcd
0000            303   _TF2CEN         BIT 0xcc
0000            304   _T2SPLIT        BIT 0xcb
0000            305   _TR2            BIT 0xca
0000            306   _T2CSS          BIT 0xc9
0000            307   _T2XCLK         BIT 0xc8
0000            308   _TF5H           BIT 0xcf
0000            309   _TF5L           BIT 0xce
0000            310   _TF5LEN         BIT 0xcd
0000            311   _TMR5CN_4       BIT 0xcc
0000            312   _T5SPLIT        BIT 0xcb
0000            313   _TR5            BIT 0xca
0000            314   _TMR5CN_1       BIT 0xc9
0000            315   _T5XCLK         BIT 0xc8
0000            316   _CY             BIT 0xd7
0000            317   _AC             BIT 0xd6
0000            318   _F0             BIT 0xd5
0000            319   _RS1            BIT 0xd4
0000            320   _RS0            BIT 0xd3
0000            321   _OV             BIT 0xd2
0000            322   _F1             BIT 0xd1
0000            323   _PARITY         BIT 0xd0
0000            324   _CF             BIT 0xdf
0000            325   _CR             BIT 0xde
0000            326   _PCA0CN_5       BIT 0xde
0000            327   _CCF4           BIT 0xdc
0000            328   _CCF3           BIT 0xdb
0000            329   _CCF2           BIT 0xda
0000            330   _CCF1           BIT 0xd9
0000            331   _CCF0           BIT 0xd8
0000            332   _ACC_7          BIT 0xe7
0000            333   _ACC_6          BIT 0xe6
0000            334   _ACC_5          BIT 0xe5
0000            335   _ACC_4          BIT 0xe4
0000            336   _ACC_3          BIT 0xe3
0000            337   _ACC_2          BIT 0xe2
0000            338   _ACC_1          BIT 0xe1
0000            339   _ACC_0          BIT 0xe0
0000            340   _AD0EN          BIT 0xef
0000            341   _AD0TM          BIT 0xee
0000            342   _AD0INT         BIT 0xed
0000            343   _AD0BUSY        BIT 0xec
0000            344   _AD0WINT        BIT 0xeb
0000            345   _AD0CM2         BIT 0xea
0000            346   _AD0CM1         BIT 0xe9
0000            347   _AD0CM0         BIT 0xe8
0000            348   _B_7            BIT 0xf7
0000            349   _B_6            BIT 0xf6
0000            350   _B_5            BIT 0xf5
0000            351   _B_4            BIT 0xf4
0000            352   _B_3            BIT 0xf3
0000            353   _B_2            BIT 0xf2
0000            354   _B_1            BIT 0xf1
0000            355   _B_0            BIT 0xf0
0000            356   _SPIF           BIT 0xff
0000            357   _WCOL           BIT 0xfe
0000            358   _MODF           BIT 0xfd
0000            359   _RXOVRN         BIT 0xfc
0000            360   _NSSMD1         BIT 0xfb
0000            361   _NSSMD0         BIT 0xfa
0000            362   _TXBMT          BIT 0xf9
0000            363   _SPIEN          BIT 0xf8
0000            364   ;--------------------------------------------------------
0000            365   ; overlayable register banks
0000            366   ;--------------------------------------------------------
0000            367            rbank0 segment data overlay
0000            368   ;--------------------------------------------------------
0000            369   ; internal ram data
0000            370   ;--------------------------------------------------------
0000            371            rseg R_DSEG
0000            372   _pwm_count:
0000            373            ds 1
0001            374   _power:
0001            375            ds 1
0002            376   _pwm_out0:
0002            377            ds 1
0003            378   _pwm_out1:
0003            379            ds 1
0004            380   _pwm_out2:
0004            381            ds 1
0005            382   _pwm_out3:
0005            383            ds 1
0006            384   _dirout:
0006            385            ds 1
0007            386   _i:
0007            387            ds 2
0009            388   ;--------------------------------------------------------
0009            389   ; overlayable items in internal ram 
0009            390   ;--------------------------------------------------------
0000            391            rseg    R_OSEG
0000            392   ;--------------------------------------------------------
0000            393   ; indirectly addressable internal ram data
0000            394   ;--------------------------------------------------------
0000            395            rseg R_ISEG
0000            396   ;--------------------------------------------------------
0000            397   ; absolute internal ram data
0000            398   ;--------------------------------------------------------
0000            399            DSEG
0000            400   ;--------------------------------------------------------
0000            401   ; bit data
0000            402   ;--------------------------------------------------------
0000            403            rseg R_BSEG
0000            404   _Timer2_ISR_sloc0_1_0:
0000            405            DBIT    1
0001            406   ;--------------------------------------------------------
0001            407   ; paged external ram data
0001            408   ;--------------------------------------------------------
0000            409            rseg R_PSEG
0000            410   ;--------------------------------------------------------
0000            411   ; external ram data
0000            412   ;--------------------------------------------------------
0000            413            rseg R_XSEG
0000            414   ;--------------------------------------------------------
0000            415   ; absolute external ram data
0000            416   ;--------------------------------------------------------
0000            417            XSEG
0000            418   ;--------------------------------------------------------
0000            419   ; external initialized ram data
0000            420   ;--------------------------------------------------------
0000            421            rseg R_IXSEG
0000            422            rseg R_HOME
0000            423            rseg R_GSINIT
0000            424            rseg R_CSEG
0000            425   ;--------------------------------------------------------
0000            426   ; Reset entry point and interrupt vectors
0000            427   ;--------------------------------------------------------
0000            428            CSEG at 0x0000
0000 020100     429            ljmp    _crt0
002B            430            CSEG at 0x002b
002B 020100     431            ljmp    _Timer2_ISR
002E            432   ;--------------------------------------------------------
002E            433   ; global & static initialisations
002E            434   ;--------------------------------------------------------
0000            435            rseg R_HOME
0000            436            rseg R_GSINIT
0000            437            rseg R_GSINIT
0000            438   ;--------------------------------------------------------
0000            439   ; data variables initialization
0000            440   ;--------------------------------------------------------
0000            441            rseg R_DINIT
0000            442   ;        D:\DevFiles\ELEC291_Dev_Files\Project2\pwm_F38x.c:16: volatile unsigned char pwm_count=0;
0000 75D000     443            mov     _pwm_count,#0x00
0003            444   ;        D:\DevFiles\ELEC291_Dev_Files\Project2\pwm_F38x.c:17: volatile unsigned char power=100;
0003 759064     445            mov     _power,#0x64
0006            446   ;        D:\DevFiles\ELEC291_Dev_Files\Project2\pwm_F38x.c:18: volatile unsigned char pwm_out0=0;
0006 755000     447            mov     _pwm_out0,#0x00
0009            448   ;        D:\DevFiles\ELEC291_Dev_Files\Project2\pwm_F38x.c:19: volatile unsigned char pwm_out1=0;
0009 751000     449            mov     _pwm_out1,#0x00
000C            450   ;        D:\DevFiles\ELEC291_Dev_Files\Project2\pwm_F38x.c:20: volatile unsigned char pwm_out2=0;
000C 75D000     451            mov     _pwm_out2,#0x00
000F            452   ;        D:\DevFiles\ELEC291_Dev_Files\Project2\pwm_F38x.c:21: volatile unsigned char pwm_out3=0;
000F 759000     453            mov     _pwm_out3,#0x00
0012            454   ;        D:\DevFiles\ELEC291_Dev_Files\Project2\pwm_F38x.c:22: volatile unsigned char dirout=0;
0012 755000     455            mov     _dirout,#0x00
0015            456   ;        D:\DevFiles\ELEC291_Dev_Files\Project2\pwm_F38x.c:23: int i = 0;
0015 E4         457            clr     a
0016 F510       458            mov     _i,a
0018 F511       459            mov     (_i + 1),a
001A            460            ; The linker places a 'ret' at the end of segment R_DINIT.
001A            461   ;--------------------------------------------------------
001A            462   ; code
001A            463   ;--------------------------------------------------------
0000            464            rseg R_CSEG
0000            465   ;------------------------------------------------------------
0000            466   ;Allocation info for local variables in function '_c51_external_startup'
0000            467   ;------------------------------------------------------------
0000            468   ;------------------------------------------------------------
0000            469   ;        D:\DevFiles\ELEC291_Dev_Files\Project2\pwm_F38x.c:26: char _c51_external_startup (void)
0000            470   ;        -----------------------------------------
0000            471   ;         function _c51_external_startup
0000            472   ;        -----------------------------------------
0000            473   __c51_external_startup:
0000            474            using   0
0000            475   ;        D:\DevFiles\ELEC291_Dev_Files\Project2\pwm_F38x.c:28: PCA0MD&=(~0x40) ;    // DISABLE WDT: clear Watchdog Enable bit
0000 53D9BF     476            anl     _PCA0MD,#0xBF
0003            477   ;        D:\DevFiles\ELEC291_Dev_Files\Project2\pwm_F38x.c:29: VDM0CN=0x80; // enable VDD monitor
0003 75FF80     478            mov     _VDM0CN,#0x80
0006            479   ;        D:\DevFiles\ELEC291_Dev_Files\Project2\pwm_F38x.c:30: RSTSRC=0x02|0x04; // Enable reset on missing clock detector and VDD
0006 75EF06     480            mov     _RSTSRC,#0x06
0009            481   ;        D:\DevFiles\ELEC291_Dev_Files\Project2\pwm_F38x.c:38: CLKSEL|=0b_0000_0011; // SYSCLK derived from the Internal High-Frequency Oscillator / 1.
0009 43A903     482            orl     _CLKSEL,#0x03
000C            483   ;        D:\DevFiles\ELEC291_Dev_Files\Project2\pwm_F38x.c:42: OSCICN |= 0x03; // Configure internal oscillator for its maximum frequency
000C 43B203     484            orl     _OSCICN,#0x03
000F            485   ;        D:\DevFiles\ELEC291_Dev_Files\Project2\pwm_F38x.c:45: SCON0 = 0x10;
000F 759810     486            mov     _SCON0,#0x10
0012            487   ;        D:\DevFiles\ELEC291_Dev_Files\Project2\pwm_F38x.c:47: TH1 = 0x10000-((SYSCLK/BAUDRATE)/2L);
0012 758D30     488            mov     _TH1,#0x30
0015            489   ;        D:\DevFiles\ELEC291_Dev_Files\Project2\pwm_F38x.c:48: CKCON &= ~0x0B;                  // T1M = 1; SCA1:0 = xx
0015 538EF4     490            anl     _CKCON,#0xF4
0018            491   ;        D:\DevFiles\ELEC291_Dev_Files\Project2\pwm_F38x.c:49: CKCON |=  0x08;
0018 438E08     492            orl     _CKCON,#0x08
001B            493   ;        D:\DevFiles\ELEC291_Dev_Files\Project2\pwm_F38x.c:62: TL1 = TH1;      // Init Timer1
001B 858D8B     494            mov     _TL1,_TH1
001E            495   ;        D:\DevFiles\ELEC291_Dev_Files\Project2\pwm_F38x.c:63: TMOD &= ~0xf0;  // TMOD: timer 1 in 8-bit autoreload
001E 53890F     496            anl     _TMOD,#0x0F
0021            497   ;        D:\DevFiles\ELEC291_Dev_Files\Project2\pwm_F38x.c:64: TMOD |=  0x20;
0021 438920     498            orl     _TMOD,#0x20
0024            499   ;        D:\DevFiles\ELEC291_Dev_Files\Project2\pwm_F38x.c:65: TR1 = 1; // START Timer1
0024 D28E       500            setb    _TR1
0026            501   ;        D:\DevFiles\ELEC291_Dev_Files\Project2\pwm_F38x.c:66: TI = 1;  // Indicate TX0 ready
0026 D299       502            setb    _TI
0028            503   ;        D:\DevFiles\ELEC291_Dev_Files\Project2\pwm_F38x.c:69: P2MDOUT|=0b_0000_0011;
0028 43A603     504            orl     _P2MDOUT,#0x03
002B            505   ;        D:\DevFiles\ELEC291_Dev_Files\Project2\pwm_F38x.c:70: P0MDOUT |= 0x10; // Enable UTX as push-pull output
002B 43A410     506            orl     _P0MDOUT,#0x10
002E            507   ;        D:\DevFiles\ELEC291_Dev_Files\Project2\pwm_F38x.c:71: XBR0     = 0x01; // Enable UART on P0.4(TX) and P0.5(RX)
002E 75E101     508            mov     _XBR0,#0x01
0031            509   ;        D:\DevFiles\ELEC291_Dev_Files\Project2\pwm_F38x.c:72: XBR1     = 0x40; // Enable crossbar and weak pull-ups
0031 75E240     510            mov     _XBR1,#0x40
0034            511   ;        D:\DevFiles\ELEC291_Dev_Files\Project2\pwm_F38x.c:75: TMR2CN=0x00;   // Stop Timer2; Clear TF2;
0034 75C800     512            mov     _TMR2CN,#0x00
0037            513   ;        D:\DevFiles\ELEC291_Dev_Files\Project2\pwm_F38x.c:76: CKCON|=0b_0001_0000;
0037 438E10     514            orl     _CKCON,#0x10
003A            515   ;        D:\DevFiles\ELEC291_Dev_Files\Project2\pwm_F38x.c:77: TMR2RL=(-(SYSCLK/(2*48))/(100L)); // Initialize reload value
003A 75CA78     516            mov     _TMR2RL,#0x78
003D 75CBEC     517            mov     (_TMR2RL >> 8),#0xEC
0040            518   ;        D:\DevFiles\ELEC291_Dev_Files\Project2\pwm_F38x.c:78: TMR2=0xffff;   // Set to reload immediately
0040 75CCFF     519            mov     _TMR2,#0xFF
0043 75CDFF     520            mov     (_TMR2 >> 8),#0xFF
0046            521   ;        D:\DevFiles\ELEC291_Dev_Files\Project2\pwm_F38x.c:79: ET2=1;         // Enable Timer2 interrupts
0046 D2AD       522            setb    _ET2
0048            523   ;        D:\DevFiles\ELEC291_Dev_Files\Project2\pwm_F38x.c:80: TR2=1;         // Start Timer2
0048 D2CA       524            setb    _TR2
004A            525   ;        D:\DevFiles\ELEC291_Dev_Files\Project2\pwm_F38x.c:82: EA=1; // Enable interrupts
004A D2AF       526            setb    _EA
004C            527   ;        D:\DevFiles\ELEC291_Dev_Files\Project2\pwm_F38x.c:84: return 0;
004C 758200     528            mov     dpl,#0x00
004F 22         529            ret
0050            530   ;------------------------------------------------------------
0050            531   ;Allocation info for local variables in function 'Timer3us'
0050            532   ;------------------------------------------------------------
0050            533   ;us                        Allocated to registers r2 
0050            534   ;i                         Allocated to registers r3 
0050            535   ;------------------------------------------------------------
0050            536   ;        D:\DevFiles\ELEC291_Dev_Files\Project2\pwm_F38x.c:88: void Timer3us(unsigned char us)
0050            537   ;        -----------------------------------------
0050            538   ;         function Timer3us
0050            539   ;        -----------------------------------------
0050            540   _Timer3us:
0050 AA82       541            mov     r2,dpl
0052            542   ;        D:\DevFiles\ELEC291_Dev_Files\Project2\pwm_F38x.c:93: CKCON|=0b_0100_0000;
0052 438E40     543            orl     _CKCON,#0x40
0055            544   ;        D:\DevFiles\ELEC291_Dev_Files\Project2\pwm_F38x.c:95: TMR3RL = (-(SYSCLK)/1000000L); // Set Timer3 to overflow in 1us.
0055 7592D0     545            mov     _TMR3RL,#0xD0
0058 7593FF     546            mov     (_TMR3RL >> 8),#0xFF
005B            547   ;        D:\DevFiles\ELEC291_Dev_Files\Project2\pwm_F38x.c:96: TMR3 = TMR3RL;                 // Initialize Timer3 for first overflow
005B 859294     548            mov     _TMR3,_TMR3RL
005E 859395     549            mov     (_TMR3 >> 8),(_TMR3RL >> 8)
0061            550   ;        D:\DevFiles\ELEC291_Dev_Files\Project2\pwm_F38x.c:98: TMR3CN = 0x04;                 // Sart Timer3 and clear overflow flag
0061 759104     551            mov     _TMR3CN,#0x04
0064            552   ;        D:\DevFiles\ELEC291_Dev_Files\Project2\pwm_F38x.c:99: for (i = 0; i < us; i++)       // Count <us> overflows
0064 7B00       553            mov     r3,#0x00
0066            554   L003004?:
0066 C3         555            clr     c
0067 EB         556            mov     a,r3
0068 9A         557            subb    a,r2
0069 5001       558            jnc     L003007?
006B            559   ;        D:\DevFiles\ELEC291_Dev_Files\Project2\pwm_F38x.c:101: while (!(TMR3CN & 0x80));  // Wait for overflow
006B            560   L003001?:
006B E591       561            mov     a,_TMR3CN
006D 30E7B8     562            jnb     acc.7,L003001?
0070            563   ;        D:\DevFiles\ELEC291_Dev_Files\Project2\pwm_F38x.c:102: TMR3CN &= ~(0x80);         // Clear overflow indicator
0070 53917F     564            anl     _TMR3CN,#0x7F
0073            565   ;        D:\DevFiles\ELEC291_Dev_Files\Project2\pwm_F38x.c:99: for (i = 0; i < us; i++)       // Count <us> overflows
0073 0B         566            inc     r3
0074 8001       567            sjmp    L003004?
0076            568   L003007?:
0076            569   ;        D:\DevFiles\ELEC291_Dev_Files\Project2\pwm_F38x.c:104: TMR3CN = 0 ;                   // Stop Timer3 and clear overflow flag
0076 759100     570            mov     _TMR3CN,#0x00
0079 22         571            ret
007A            572   ;------------------------------------------------------------
007A            573   ;Allocation info for local variables in function 'waitms'
007A            574   ;------------------------------------------------------------
007A            575   ;ms                        Allocated to registers r2 r3 
007A            576   ;j                         Allocated to registers r2 r3 
007A            577   ;------------------------------------------------------------
007A            578   ;        D:\DevFiles\ELEC291_Dev_Files\Project2\pwm_F38x.c:108: void waitms (unsigned int ms)
007A            579   ;        -----------------------------------------
007A            580   ;         function waitms
007A            581   ;        -----------------------------------------
007A            582   _waitms:
007A AA82       583            mov     r2,dpl
007C AB83       584            mov     r3,dph
007E            585   ;        D:\DevFiles\ELEC291_Dev_Files\Project2\pwm_F38x.c:111: for(j=ms; j!=0; j--)
007E            586   L004001?:
007E BA00B8     587            cjne    r2,#0x00,L004010?
0081 BB00B8     588            cjne    r3,#0x00,L004010?
0084 22         589            ret
0085            590   L004010?:
0085            591   ;        D:\DevFiles\ELEC291_Dev_Files\Project2\pwm_F38x.c:113: Timer3us(249);
0085 7582F9     592            mov     dpl,#0xF9
0088 C002       593            push    ar2
008A C003       594            push    ar3
008C 120100     595            lcall   _Timer3us
008F            596   ;        D:\DevFiles\ELEC291_Dev_Files\Project2\pwm_F38x.c:114: Timer3us(249);
008F 7582F9     597            mov     dpl,#0xF9
0092 120100     598            lcall   _Timer3us
0095            599   ;        D:\DevFiles\ELEC291_Dev_Files\Project2\pwm_F38x.c:115: Timer3us(249);
0095 7582F9     600            mov     dpl,#0xF9
0098 120100     601            lcall   _Timer3us
009B            602   ;        D:\DevFiles\ELEC291_Dev_Files\Project2\pwm_F38x.c:116: Timer3us(250);
009B 7582FA     603            mov     dpl,#0xFA
009E 120100     604            lcall   _Timer3us
00A1 D003       605            pop     ar3
00A3 D002       606            pop     ar2
00A5            607   ;        D:\DevFiles\ELEC291_Dev_Files\Project2\pwm_F38x.c:111: for(j=ms; j!=0; j--)
00A5 1A         608            dec     r2
00A6 BAFFF8     609            cjne    r2,#0xff,L004011?
00A9 1B         610            dec     r3
00AA            611   L004011?:
00AA 8001       612            sjmp    L004001?
00AC            613   ;------------------------------------------------------------
00AC            614   ;Allocation info for local variables in function 'InitADC'
00AC            615   ;------------------------------------------------------------
00AC            616   ;------------------------------------------------------------
00AC            617   ;        D:\DevFiles\ELEC291_Dev_Files\Project2\pwm_F38x.c:120: void InitADC (void)
00AC            618   ;        -----------------------------------------
00AC            619   ;         function InitADC
00AC            620   ;        -----------------------------------------
00AC            621   _InitADC:
00AC            622   ;        D:\DevFiles\ELEC291_Dev_Files\Project2\pwm_F38x.c:123: ADC0CF = 0xF8; // SAR clock = 31, Right-justified result
00AC 75BCF8     623            mov     _ADC0CF,#0xF8
00AF            624   ;        D:\DevFiles\ELEC291_Dev_Files\Project2\pwm_F38x.c:124: ADC0CN = 0b_1000_0000; // AD0EN=1, AD0TM=0
00AF 75E880     625            mov     _ADC0CN,#0x80
00B2            626   ;        D:\DevFiles\ELEC291_Dev_Files\Project2\pwm_F38x.c:125: REF0CN = 0b_0000_1000; //Select VDD as the voltage reference for the converter
00B2 75D108     627            mov     _REF0CN,#0x08
00B5 22         628            ret
00B6            629   ;------------------------------------------------------------
00B6            630   ;Allocation info for local variables in function 'Timer2_ISR'
00B6            631   ;------------------------------------------------------------
00B6            632   ;------------------------------------------------------------
00B6            633   ;        D:\DevFiles\ELEC291_Dev_Files\Project2\pwm_F38x.c:129: void Timer2_ISR (void) interrupt 5
00B6            634   ;        -----------------------------------------
00B6            635   ;         function Timer2_ISR
00B6            636   ;        -----------------------------------------
00B6            637   _Timer2_ISR:
00B6 C0E0       638            push    acc
00B8 C0D0       639            push    psw
00BA 75D000     640            mov     psw,#0x00
00BD            641   ;        D:\DevFiles\ELEC291_Dev_Files\Project2\pwm_F38x.c:131: TF2H = 0; // Clear Timer2 interrupt flag
00BD C2CF       642            clr     _TF2H
00BF            643   ;        D:\DevFiles\ELEC291_Dev_Files\Project2\pwm_F38x.c:133: pwm_count++;
00BF 05D0       644            inc     _pwm_count
00C1            645   ;        D:\DevFiles\ELEC291_Dev_Files\Project2\pwm_F38x.c:134: if(pwm_count>100) pwm_count=0;
00C1 E5D0       646            mov     a,_pwm_count
00C3 249B       647            add     a,#0xff - 0x64
00C5 5001       648            jnc     L006002?
00C7 75D000     649            mov     _pwm_count,#0x00
00CA            650   L006002?:
00CA            651   ;        D:\DevFiles\ELEC291_Dev_Files\Project2\pwm_F38x.c:136: OUT0=pwm_count>pwm_out0?0:1;
00CA C3         652            clr     c
00CB E550       653            mov     a,_pwm_out0
00CD 95D0       654            subb    a,_pwm_count
00CF 9278       655            mov  _Timer2_ISR_sloc0_1_0,c
00D1 B3         656            cpl     c
00D2 92A2       657            mov     _P2_2,c
00D4            658   ;        D:\DevFiles\ELEC291_Dev_Files\Project2\pwm_F38x.c:137: OUT1=pwm_count>pwm_out1?0:1;
00D4 C3         659            clr     c
00D5 E510       660            mov     a,_pwm_out1
00D7 95D0       661            subb    a,_pwm_count
00D9 9278       662            mov  _Timer2_ISR_sloc0_1_0,c
00DB B3         663            cpl     c
00DC 92A5       664            mov     _P2_5,c
00DE            665   ;        D:\DevFiles\ELEC291_Dev_Files\Project2\pwm_F38x.c:139: OUT2=pwm_count>pwm_out2?0:1;
00DE C3         666            clr     c
00DF E5D0       667            mov     a,_pwm_out2
00E1 95D0       668            subb    a,_pwm_count
00E3 9278       669            mov  _Timer2_ISR_sloc0_1_0,c
00E5 B3         670            cpl     c
00E6 92A4       671            mov     _P2_4,c
00E8            672   ;        D:\DevFiles\ELEC291_Dev_Files\Project2\pwm_F38x.c:140: OUT3=pwm_count>pwm_out3?0:1;
00E8 C3         673            clr     c
00E9 E590       674            mov     a,_pwm_out3
00EB 95D0       675            subb    a,_pwm_count
00ED 9278       676            mov  _Timer2_ISR_sloc0_1_0,c
00EF B3         677            cpl     c
00F0 92A3       678            mov     _P2_3,c
00F2 D0D0       679            pop     psw
00F4 D0E0       680            pop     acc
00F6 32         681            reti
00F7            682   ;        eliminated unneeded push/pop dpl
00F7            683   ;        eliminated unneeded push/pop dph
00F7            684   ;        eliminated unneeded push/pop b
00F7            685   ;------------------------------------------------------------
00F7            686   ;Allocation info for local variables in function 'ControlUnit'
00F7            687   ;------------------------------------------------------------
00F7            688   ;------------------------------------------------------------
00F7            689   ;        D:\DevFiles\ELEC291_Dev_Files\Project2\pwm_F38x.c:144: void ControlUnit (void)
00F7            690   ;        -----------------------------------------
00F7            691   ;         function ControlUnit
00F7            692   ;        -----------------------------------------
00F7            693   _ControlUnit:
00F7            694   ;        D:\DevFiles\ELEC291_Dev_Files\Project2\pwm_F38x.c:158: if (PWRUP == 0){
00F7 2093B8     695            jb      _P1_3,L007007?
00FA            696   ;        D:\DevFiles\ELEC291_Dev_Files\Project2\pwm_F38x.c:159: while(PWRUP==0);
00FA            697   L007001?:
00FA 3093F8     698            jnb     _P1_3,L007001?
00FD            699   ;        D:\DevFiles\ELEC291_Dev_Files\Project2\pwm_F38x.c:160: power=power+10;
00FD 740A       700            mov     a,#0x0A
00FF 2590       701            add     a,_power
0101 F590       702            mov     _power,a
0103            703   ;        D:\DevFiles\ELEC291_Dev_Files\Project2\pwm_F38x.c:161: if(power >= 100){ 
0103 749C       704            mov     a,#0x100 - 0x64
0105 2590       705            add     a,_power
0107 5001       706            jnc     L007005?
0109            707   ;        D:\DevFiles\ELEC291_Dev_Files\Project2\pwm_F38x.c:162: power = 100;
0109 759064     708            mov     _power,#0x64
010C            709   L007005?:
010C            710   ;        D:\DevFiles\ELEC291_Dev_Files\Project2\pwm_F38x.c:164: waitms(10);
010C 90000A     711            mov     dptr,#0x000A
010F 120100     712            lcall   _waitms
0112            713   L007007?:
0112            714   ;        D:\DevFiles\ELEC291_Dev_Files\Project2\pwm_F38x.c:168: if (PWRDN == 0){
0112 209778     715            jb      _P1_7,L007014?
0115            716   ;        D:\DevFiles\ELEC291_Dev_Files\Project2\pwm_F38x.c:169: while(PWRDN==0);
0115            717   L007008?:
0115 3097B8     718            jnb     _P1_7,L007008?
0118            719   ;        D:\DevFiles\ELEC291_Dev_Files\Project2\pwm_F38x.c:170: if (power >=10){
0118 74F6       720            mov     a,#0x100 - 0x0A
011A 2590       721            add     a,_power
011C 5001       722            jnc     L007012?
011E            723   ;        D:\DevFiles\ELEC291_Dev_Files\Project2\pwm_F38x.c:171: power=power-10;
011E E590       724            mov     a,_power
0120 24F6       725            add     a,#0xf6
0122 F590       726            mov     _power,a
0124            727   L007012?:
0124            728   ;        D:\DevFiles\ELEC291_Dev_Files\Project2\pwm_F38x.c:173: waitms(10);
0124 90000A     729            mov     dptr,#0x000A
0127 120100     730            lcall   _waitms
012A            731   L007014?:
012A            732   ;        D:\DevFiles\ELEC291_Dev_Files\Project2\pwm_F38x.c:178: if (dirout==0){
012A E550       733            mov     a,_dirout
012C            734   ;        D:\DevFiles\ELEC291_Dev_Files\Project2\pwm_F38x.c:179: pwm_out0 = power;
012C            735   ;        D:\DevFiles\ELEC291_Dev_Files\Project2\pwm_F38x.c:180: pwm_out1 = 0;
012C            736   ;        D:\DevFiles\ELEC291_Dev_Files\Project2\pwm_F38x.c:181: pwm_out2 = power;
012C            737   ;        D:\DevFiles\ELEC291_Dev_Files\Project2\pwm_F38x.c:182: pwm_out3 = 0;    
012C 7001       738            jnz     L007016?
012E 859050     739            mov     _pwm_out0,_power
0131 F510       740            mov     _pwm_out1,a
0133 8590D0     741            mov     _pwm_out2,_power
0136 F590       742            mov     _pwm_out3,a
0138 8001       743            sjmp    L007017?
013A            744   L007016?:
013A            745   ;        D:\DevFiles\ELEC291_Dev_Files\Project2\pwm_F38x.c:185: pwm_out0 = 0;
013A 755000     746            mov     _pwm_out0,#0x00
013D            747   ;        D:\DevFiles\ELEC291_Dev_Files\Project2\pwm_F38x.c:186: pwm_out1 = power;
013D 859010     748            mov     _pwm_out1,_power
0140            749   ;        D:\DevFiles\ELEC291_Dev_Files\Project2\pwm_F38x.c:187: pwm_out2 = 0;
0140 75D000     750            mov     _pwm_out2,#0x00
0143            751   ;        D:\DevFiles\ELEC291_Dev_Files\Project2\pwm_F38x.c:188: pwm_out3 = power;
0143 859090     752            mov     _pwm_out3,_power
0146            753   L007017?:
0146            754   ;        D:\DevFiles\ELEC291_Dev_Files\Project2\pwm_F38x.c:192: printf("%d dir\n", dirout);
0146 AA50       755            mov     r2,_dirout
0148 7B00       756            mov     r3,#0x00
014A C002       757            push    ar2
014C C003       758            push    ar3
014E 74B8       759            mov     a,#__str_0
0150 C0E0       760            push    acc
0152 749A       761            mov     a,#(__str_0 >> 8)
0154 C0E0       762            push    acc
0156 7480       763            mov     a,#0x80
0158 C0E0       764            push    acc
015A 120100     765            lcall   _printf
015D E581       766            mov     a,sp
015F 24FB       767            add     a,#0xfb
0161 F581       768            mov     sp,a
0163            769   ;        D:\DevFiles\ELEC291_Dev_Files\Project2\pwm_F38x.c:194: printf("%d power\n", power);
0163 AA90       770            mov     r2,_power
0165 7B00       771            mov     r3,#0x00
0167 C002       772            push    ar2
0169 C003       773            push    ar3
016B 7478       774            mov     a,#__str_1
016D C0E0       775            push    acc
016F 749B       776            mov     a,#(__str_1 >> 8)
0171 C0E0       777            push    acc
0173 7480       778            mov     a,#0x80
0175 C0E0       779            push    acc
0177 120100     780            lcall   _printf
017A E581       781            mov     a,sp
017C 24FB       782            add     a,#0xfb
017E F581       783            mov     sp,a
0180 22         784            ret
0181            785   ;------------------------------------------------------------
0181            786   ;Allocation info for local variables in function 'main'
0181            787   ;------------------------------------------------------------
0181            788   ;------------------------------------------------------------
0181            789   ;        D:\DevFiles\ELEC291_Dev_Files\Project2\pwm_F38x.c:198: void main (void)
0181            790   ;        -----------------------------------------
0181            791   ;         function main
0181            792   ;        -----------------------------------------
0181            793   _main:
0181            794   ;        D:\DevFiles\ELEC291_Dev_Files\Project2\pwm_F38x.c:201: dirout = 0; // define initial direction to be CCW
0181 755000     795            mov     _dirout,#0x00
0184            796   ;        D:\DevFiles\ELEC291_Dev_Files\Project2\pwm_F38x.c:203: printf("\x1b[2J"); // Clear screen using ANSI escape sequence.
0184 74B8       797            mov     a,#__str_2
0186 C0E0       798            push    acc
0188 749B       799            mov     a,#(__str_2 >> 8)
018A C0E0       800            push    acc
018C 7480       801            mov     a,#0x80
018E C0E0       802            push    acc
0190 120100     803            lcall   _printf
0193 1581       804            dec     sp
0195 1581       805            dec     sp
0197 1581       806            dec     sp
0199            807   ;        D:\DevFiles\ELEC291_Dev_Files\Project2\pwm_F38x.c:205: "Check pins P2.0 and P2.1 with the oscilloscope.\r\n");
0199 74F8       808            mov     a,#__str_3
019B C0E0       809            push    acc
019D 749B       810            mov     a,#(__str_3 >> 8)
019F C0E0       811            push    acc
01A1 7480       812            mov     a,#0x80
01A3 C0E0       813            push    acc
01A5 120100     814            lcall   _printf
01A8 1581       815            dec     sp
01AA 1581       816            dec     sp
01AC 1581       817            dec     sp
01AE            818   ;        D:\DevFiles\ELEC291_Dev_Files\Project2\pwm_F38x.c:207: while(1)
01AE            819   L008002?:
01AE            820   ;        D:\DevFiles\ELEC291_Dev_Files\Project2\pwm_F38x.c:209: ControlUnit();
01AE 120100     821            lcall   _ControlUnit
01B1            822   ;        D:\DevFiles\ELEC291_Dev_Files\Project2\pwm_F38x.c:210: waitms(100);
01B1 900064     823            mov     dptr,#0x0064
01B4 120100     824            lcall   _waitms
01B7 8001       825            sjmp    L008002?
01B9            826            rseg R_CSEG
01B9            827   
0000            828            rseg R_XINIT
0000            829   
0000            830            rseg R_CONST
0000            831   __str_0:
0000 25642064   832            db '%d dir'
     6972
0006 0A         833            db 0x0A
0007 00         834            db 0x00
0008            835   __str_1:
0008 25642070   836            db '%d power'
     6F776572
0010 0A         837            db 0x0A
0011 00         838            db 0x00
0012            839   __str_2:
0012 1B         840            db 0x1B
0013 5B324A     841            db '[2J'
0016 00         842            db 0x00
0017            843   __str_3:
0017 53717561   844            db 'Square wave generator for the F38x.'
     72652077
     61766520
     67656E65
     7261746F
     7220666F
     72207468
     65204633
     38782E
003A 0D         845            db 0x0D
003B 0A         846            db 0x0A
003C 43686563   847            db 'Check pins P2.0 and P2.'
     6B207069
     6E732050
     322E3020
     616E6420
     50322E
0053 31207769   848            db '1 with the oscilloscope.'
     74682074
     6865206F
     7363696C
     6C6F7363
     6F70652E
006B 0D         849            db 0x0D
006C 0A         850            db 0x0A
006D 00         851            db 0x00
006E            852   
002E            853            CSEG
002E            854   
002E            855   end
