0000              1   ;--------------------------------------------------------
0000              2   ; File Created by C51
0000              3   ; Version 1.0.0 #1069 (Apr 23 2015) (MSVC)
0000              4   ; This file was generated Sat Apr 01 16:51:20 2017
0000              5   ;--------------------------------------------------------
                  5   $name Receiver
                  6   $optc51 --model-small
                  7   $printf_float
0000              9            R_DSEG    segment data
0000             10            R_CSEG    segment code
0000             11            R_BSEG    segment bit
0000             12            R_XSEG    segment xdata
0000             13            R_PSEG    segment xdata
0000             14            R_ISEG    segment idata
0000             15            R_OSEG    segment data overlay
0000             16            BIT_BANK  segment data overlay
0000             17            R_HOME    segment code
0000             18            R_GSINIT  segment code
0000             19            R_IXSEG   segment xdata
0000             20            R_CONST   segment code
0000             21            R_XINIT   segment code
0000             22            R_DINIT   segment code
0000             23   
0000             24   ;--------------------------------------------------------
0000             25   ; Public variables in this module
0000             26   ;--------------------------------------------------------
0000             27            public _InitPinADC_PARM_2
0000             28            public _main
0000             29            public _DebuggingFctn
0000             30            public _MotorControl
0000             31            public _ReadInductorStatus
0000             32            public _DetermineMode
0000             33            public _ReadFrequency
0000             34            public _Timer2_ISR
0000             35            public _Volts_at_Pin
0000             36            public _ADC_at_Pin
0000             37            public _InitPinADC
0000             38            public _InitADC
0000             39            public _TIMER2_Init
0000             40            public _TIMER0_Init
0000             41            public _waitms
0000             42            public _Timer3us
0000             43            public __c51_external_startup
0000             44            public _mode
0000             45            public _FrtIndVolt
0000             46            public _RedIndVolt
0000             47            public _BluIndVolt
0000             48            public _frequency
0000             49            public _i
0000             50            public _overflow_count
0000             51            public _dirout
0000             52            public _pwm_RED1
0000             53            public _pwm_RED0
0000             54            public _pwm_BLU1
0000             55            public _pwm_BLU0
0000             56            public _power
0000             57            public _pwm_count
0000             58   ;--------------------------------------------------------
0000             59   ; Special Function Registers
0000             60   ;--------------------------------------------------------
0000             61   _P0             DATA 0x80
0000             62   _SP             DATA 0x81
0000             63   _DPL            DATA 0x82
0000             64   _DPH            DATA 0x83
0000             65   _EMI0TC         DATA 0x84
0000             66   _EMI0CF         DATA 0x85
0000             67   _OSCLCN         DATA 0x86
0000             68   _PCON           DATA 0x87
0000             69   _TCON           DATA 0x88
0000             70   _TMOD           DATA 0x89
0000             71   _TL0            DATA 0x8a
0000             72   _TL1            DATA 0x8b
0000             73   _TH0            DATA 0x8c
0000             74   _TH1            DATA 0x8d
0000             75   _CKCON          DATA 0x8e
0000             76   _PSCTL          DATA 0x8f
0000             77   _P1             DATA 0x90
0000             78   _TMR3CN         DATA 0x91
0000             79   _TMR4CN         DATA 0x91
0000             80   _TMR3RLL        DATA 0x92
0000             81   _TMR4RLL        DATA 0x92
0000             82   _TMR3RLH        DATA 0x93
0000             83   _TMR4RLH        DATA 0x93
0000             84   _TMR3L          DATA 0x94
0000             85   _TMR4L          DATA 0x94
0000             86   _TMR3H          DATA 0x95
0000             87   _TMR4H          DATA 0x95
0000             88   _USB0ADR        DATA 0x96
0000             89   _USB0DAT        DATA 0x97
0000             90   _SCON           DATA 0x98
0000             91   _SCON0          DATA 0x98
0000             92   _SBUF           DATA 0x99
0000             93   _SBUF0          DATA 0x99
0000             94   _CPT1CN         DATA 0x9a
0000             95   _CPT0CN         DATA 0x9b
0000             96   _CPT1MD         DATA 0x9c
0000             97   _CPT0MD         DATA 0x9d
0000             98   _CPT1MX         DATA 0x9e
0000             99   _CPT0MX         DATA 0x9f
0000            100   _P2             DATA 0xa0
0000            101   _SPI0CFG        DATA 0xa1
0000            102   _SPI0CKR        DATA 0xa2
0000            103   _SPI0DAT        DATA 0xa3
0000            104   _P0MDOUT        DATA 0xa4
0000            105   _P1MDOUT        DATA 0xa5
0000            106   _P2MDOUT        DATA 0xa6
0000            107   _P3MDOUT        DATA 0xa7
0000            108   _IE             DATA 0xa8
0000            109   _CLKSEL         DATA 0xa9
0000            110   _EMI0CN         DATA 0xaa
0000            111   __XPAGE         DATA 0xaa
0000            112   _SBCON1         DATA 0xac
0000            113   _P4MDOUT        DATA 0xae
0000            114   _PFE0CN         DATA 0xaf
0000            115   _P3             DATA 0xb0
0000            116   _OSCXCN         DATA 0xb1
0000            117   _OSCICN         DATA 0xb2
0000            118   _OSCICL         DATA 0xb3
0000            119   _SBRLL1         DATA 0xb4
0000            120   _SBRLH1         DATA 0xb5
0000            121   _FLSCL          DATA 0xb6
0000            122   _FLKEY          DATA 0xb7
0000            123   _IP             DATA 0xb8
0000            124   _CLKMUL         DATA 0xb9
0000            125   _SMBTC          DATA 0xb9
0000            126   _AMX0N          DATA 0xba
0000            127   _AMX0P          DATA 0xbb
0000            128   _ADC0CF         DATA 0xbc
0000            129   _ADC0L          DATA 0xbd
0000            130   _ADC0H          DATA 0xbe
0000            131   _SFRPAGE        DATA 0xbf
0000            132   _SMB0CN         DATA 0xc0
0000            133   _SMB1CN         DATA 0xc0
0000            134   _SMB0CF         DATA 0xc1
0000            135   _SMB1CF         DATA 0xc1
0000            136   _SMB0DAT        DATA 0xc2
0000            137   _SMB1DAT        DATA 0xc2
0000            138   _ADC0GTL        DATA 0xc3
0000            139   _ADC0GTH        DATA 0xc4
0000            140   _ADC0LTL        DATA 0xc5
0000            141   _ADC0LTH        DATA 0xc6
0000            142   _P4             DATA 0xc7
0000            143   _TMR2CN         DATA 0xc8
0000            144   _TMR5CN         DATA 0xc8
0000            145   _REG01CN        DATA 0xc9
0000            146   _TMR2RLL        DATA 0xca
0000            147   _TMR5RLL        DATA 0xca
0000            148   _TMR2RLH        DATA 0xcb
0000            149   _TMR5RLH        DATA 0xcb
0000            150   _TMR2L          DATA 0xcc
0000            151   _TMR5L          DATA 0xcc
0000            152   _TMR2H          DATA 0xcd
0000            153   _TMR5H          DATA 0xcd
0000            154   _SMB0ADM        DATA 0xce
0000            155   _SMB1ADM        DATA 0xce
0000            156   _SMB0ADR        DATA 0xcf
0000            157   _SMB1ADR        DATA 0xcf
0000            158   _PSW            DATA 0xd0
0000            159   _REF0CN         DATA 0xd1
0000            160   _SCON1          DATA 0xd2
0000            161   _SBUF1          DATA 0xd3
0000            162   _P0SKIP         DATA 0xd4
0000            163   _P1SKIP         DATA 0xd5
0000            164   _P2SKIP         DATA 0xd6
0000            165   _USB0XCN        DATA 0xd7
0000            166   _PCA0CN         DATA 0xd8
0000            167   _PCA0MD         DATA 0xd9
0000            168   _PCA0CPM0       DATA 0xda
0000            169   _PCA0CPM1       DATA 0xdb
0000            170   _PCA0CPM2       DATA 0xdc
0000            171   _PCA0CPM3       DATA 0xdd
0000            172   _PCA0CPM4       DATA 0xde
0000            173   _P3SKIP         DATA 0xdf
0000            174   _ACC            DATA 0xe0
0000            175   _XBR0           DATA 0xe1
0000            176   _XBR1           DATA 0xe2
0000            177   _XBR2           DATA 0xe3
0000            178   _IT01CF         DATA 0xe4
0000            179   _CKCON1         DATA 0xe4
0000            180   _SMOD1          DATA 0xe5
0000            181   _EIE1           DATA 0xe6
0000            182   _EIE2           DATA 0xe7
0000            183   _ADC0CN         DATA 0xe8
0000            184   _PCA0CPL1       DATA 0xe9
0000            185   _PCA0CPH1       DATA 0xea
0000            186   _PCA0CPL2       DATA 0xeb
0000            187   _PCA0CPH2       DATA 0xec
0000            188   _PCA0CPL3       DATA 0xed
0000            189   _PCA0CPH3       DATA 0xee
0000            190   _RSTSRC         DATA 0xef
0000            191   _B              DATA 0xf0
0000            192   _P0MDIN         DATA 0xf1
0000            193   _P1MDIN         DATA 0xf2
0000            194   _P2MDIN         DATA 0xf3
0000            195   _P3MDIN         DATA 0xf4
0000            196   _P4MDIN         DATA 0xf5
0000            197   _EIP1           DATA 0xf6
0000            198   _EIP2           DATA 0xf7
0000            199   _SPI0CN         DATA 0xf8
0000            200   _PCA0L          DATA 0xf9
0000            201   _PCA0H          DATA 0xfa
0000            202   _PCA0CPL0       DATA 0xfb
0000            203   _PCA0CPH0       DATA 0xfc
0000            204   _PCA0CPL4       DATA 0xfd
0000            205   _PCA0CPH4       DATA 0xfe
0000            206   _VDM0CN         DATA 0xff
0000            207   _DPTR           DATA 0x8382
0000            208   _TMR2RL         DATA 0xcbca
0000            209   _TMR3RL         DATA 0x9392
0000            210   _TMR4RL         DATA 0x9392
0000            211   _TMR5RL         DATA 0xcbca
0000            212   _TMR2           DATA 0xcdcc
0000            213   _TMR3           DATA 0x9594
0000            214   _TMR4           DATA 0x9594
0000            215   _TMR5           DATA 0xcdcc
0000            216   _SBRL1          DATA 0xb5b4
0000            217   _ADC0           DATA 0xbebd
0000            218   _ADC0GT         DATA 0xc4c3
0000            219   _ADC0LT         DATA 0xc6c5
0000            220   _PCA0           DATA 0xfaf9
0000            221   _PCA0CP1        DATA 0xeae9
0000            222   _PCA0CP2        DATA 0xeceb
0000            223   _PCA0CP3        DATA 0xeeed
0000            224   _PCA0CP0        DATA 0xfcfb
0000            225   _PCA0CP4        DATA 0xfefd
0000            226   ;--------------------------------------------------------
0000            227   ; special function bits
0000            228   ;--------------------------------------------------------
0000            229   _P0_0           BIT 0x80
0000            230   _P0_1           BIT 0x81
0000            231   _P0_2           BIT 0x82
0000            232   _P0_3           BIT 0x83
0000            233   _P0_4           BIT 0x84
0000            234   _P0_5           BIT 0x85
0000            235   _P0_6           BIT 0x86
0000            236   _P0_7           BIT 0x87
0000            237   _TF1            BIT 0x8f
0000            238   _TR1            BIT 0x8e
0000            239   _TF0            BIT 0x8d
0000            240   _TR0            BIT 0x8c
0000            241   _IE1            BIT 0x8b
0000            242   _IT1            BIT 0x8a
0000            243   _IE0            BIT 0x89
0000            244   _IT0            BIT 0x88
0000            245   _P1_0           BIT 0x90
0000            246   _P1_1           BIT 0x91
0000            247   _P1_2           BIT 0x92
0000            248   _P1_3           BIT 0x93
0000            249   _P1_4           BIT 0x94
0000            250   _P1_5           BIT 0x95
0000            251   _P1_6           BIT 0x96
0000            252   _P1_7           BIT 0x97
0000            253   _S0MODE         BIT 0x9f
0000            254   _SCON0_6        BIT 0x9e
0000            255   _MCE0           BIT 0x9d
0000            256   _REN0           BIT 0x9c
0000            257   _TB80           BIT 0x9b
0000            258   _RB80           BIT 0x9a
0000            259   _TI0            BIT 0x99
0000            260   _RI0            BIT 0x98
0000            261   _SCON_6         BIT 0x9e
0000            262   _MCE            BIT 0x9d
0000            263   _REN            BIT 0x9c
0000            264   _TB8            BIT 0x9b
0000            265   _RB8            BIT 0x9a
0000            266   _TI             BIT 0x99
0000            267   _RI             BIT 0x98
0000            268   _P2_0           BIT 0xa0
0000            269   _P2_1           BIT 0xa1
0000            270   _P2_2           BIT 0xa2
0000            271   _P2_3           BIT 0xa3
0000            272   _P2_4           BIT 0xa4
0000            273   _P2_5           BIT 0xa5
0000            274   _P2_6           BIT 0xa6
0000            275   _P2_7           BIT 0xa7
0000            276   _EA             BIT 0xaf
0000            277   _ESPI0          BIT 0xae
0000            278   _ET2            BIT 0xad
0000            279   _ES0            BIT 0xac
0000            280   _ET1            BIT 0xab
0000            281   _EX1            BIT 0xaa
0000            282   _ET0            BIT 0xa9
0000            283   _EX0            BIT 0xa8
0000            284   _P3_0           BIT 0xb0
0000            285   _P3_1           BIT 0xb1
0000            286   _P3_2           BIT 0xb2
0000            287   _P3_3           BIT 0xb3
0000            288   _P3_4           BIT 0xb4
0000            289   _P3_5           BIT 0xb5
0000            290   _P3_6           BIT 0xb6
0000            291   _P3_7           BIT 0xb7
0000            292   _IP_7           BIT 0xbf
0000            293   _PSPI0          BIT 0xbe
0000            294   _PT2            BIT 0xbd
0000            295   _PS0            BIT 0xbc
0000            296   _PT1            BIT 0xbb
0000            297   _PX1            BIT 0xba
0000            298   _PT0            BIT 0xb9
0000            299   _PX0            BIT 0xb8
0000            300   _MASTER0        BIT 0xc7
0000            301   _TXMODE0        BIT 0xc6
0000            302   _STA0           BIT 0xc5
0000            303   _STO0           BIT 0xc4
0000            304   _ACKRQ0         BIT 0xc3
0000            305   _ARBLOST0       BIT 0xc2
0000            306   _ACK0           BIT 0xc1
0000            307   _SI0            BIT 0xc0
0000            308   _MASTER1        BIT 0xc7
0000            309   _TXMODE1        BIT 0xc6
0000            310   _STA1           BIT 0xc5
0000            311   _STO1           BIT 0xc4
0000            312   _ACKRQ1         BIT 0xc3
0000            313   _ARBLOST1       BIT 0xc2
0000            314   _ACK1           BIT 0xc1
0000            315   _SI1            BIT 0xc0
0000            316   _TF2            BIT 0xcf
0000            317   _TF2H           BIT 0xcf
0000            318   _TF2L           BIT 0xce
0000            319   _TF2LEN         BIT 0xcd
0000            320   _TF2CEN         BIT 0xcc
0000            321   _T2SPLIT        BIT 0xcb
0000            322   _TR2            BIT 0xca
0000            323   _T2CSS          BIT 0xc9
0000            324   _T2XCLK         BIT 0xc8
0000            325   _TF5H           BIT 0xcf
0000            326   _TF5L           BIT 0xce
0000            327   _TF5LEN         BIT 0xcd
0000            328   _TMR5CN_4       BIT 0xcc
0000            329   _T5SPLIT        BIT 0xcb
0000            330   _TR5            BIT 0xca
0000            331   _TMR5CN_1       BIT 0xc9
0000            332   _T5XCLK         BIT 0xc8
0000            333   _CY             BIT 0xd7
0000            334   _AC             BIT 0xd6
0000            335   _F0             BIT 0xd5
0000            336   _RS1            BIT 0xd4
0000            337   _RS0            BIT 0xd3
0000            338   _OV             BIT 0xd2
0000            339   _F1             BIT 0xd1
0000            340   _PARITY         BIT 0xd0
0000            341   _CF             BIT 0xdf
0000            342   _CR             BIT 0xde
0000            343   _PCA0CN_5       BIT 0xde
0000            344   _CCF4           BIT 0xdc
0000            345   _CCF3           BIT 0xdb
0000            346   _CCF2           BIT 0xda
0000            347   _CCF1           BIT 0xd9
0000            348   _CCF0           BIT 0xd8
0000            349   _ACC_7          BIT 0xe7
0000            350   _ACC_6          BIT 0xe6
0000            351   _ACC_5          BIT 0xe5
0000            352   _ACC_4          BIT 0xe4
0000            353   _ACC_3          BIT 0xe3
0000            354   _ACC_2          BIT 0xe2
0000            355   _ACC_1          BIT 0xe1
0000            356   _ACC_0          BIT 0xe0
0000            357   _AD0EN          BIT 0xef
0000            358   _AD0TM          BIT 0xee
0000            359   _AD0INT         BIT 0xed
0000            360   _AD0BUSY        BIT 0xec
0000            361   _AD0WINT        BIT 0xeb
0000            362   _AD0CM2         BIT 0xea
0000            363   _AD0CM1         BIT 0xe9
0000            364   _AD0CM0         BIT 0xe8
0000            365   _B_7            BIT 0xf7
0000            366   _B_6            BIT 0xf6
0000            367   _B_5            BIT 0xf5
0000            368   _B_4            BIT 0xf4
0000            369   _B_3            BIT 0xf3
0000            370   _B_2            BIT 0xf2
0000            371   _B_1            BIT 0xf1
0000            372   _B_0            BIT 0xf0
0000            373   _SPIF           BIT 0xff
0000            374   _WCOL           BIT 0xfe
0000            375   _MODF           BIT 0xfd
0000            376   _RXOVRN         BIT 0xfc
0000            377   _NSSMD1         BIT 0xfb
0000            378   _NSSMD0         BIT 0xfa
0000            379   _TXBMT          BIT 0xf9
0000            380   _SPIEN          BIT 0xf8
0000            381   ;--------------------------------------------------------
0000            382   ; overlayable register banks
0000            383   ;--------------------------------------------------------
0000            384            rbank0 segment data overlay
0000            385   ;--------------------------------------------------------
0000            386   ; internal ram data
0000            387   ;--------------------------------------------------------
0000            388            rseg R_DSEG
0000            389   _pwm_count:
0000            390            ds 1
0001            391   _power:
0001            392            ds 1
0002            393   _pwm_BLU0:
0002            394            ds 1
0003            395   _pwm_BLU1:
0003            396            ds 1
0004            397   _pwm_RED0:
0004            398            ds 1
0005            399   _pwm_RED1:
0005            400            ds 1
0006            401   _dirout:
0006            402            ds 1
0007            403   _overflow_count:
0007            404            ds 1
0008            405   _i:
0008            406            ds 2
000A            407   _frequency:
000A            408            ds 4
000E            409   _BluIndVolt:
000E            410            ds 4
0012            411   _RedIndVolt:
0012            412            ds 4
0016            413   _FrtIndVolt:
0016            414            ds 4
001A            415   _mode:
001A            416            ds 1
001B            417   ;--------------------------------------------------------
001B            418   ; overlayable items in internal ram 
001B            419   ;--------------------------------------------------------
0000            420            rseg    R_OSEG
0000            421            rseg    R_OSEG
0000            422   _InitPinADC_PARM_2:
0000            423            ds 1
0001            424            rseg    R_OSEG
0001            425   ;--------------------------------------------------------
0001            426   ; indirectly addressable internal ram data
0001            427   ;--------------------------------------------------------
0000            428            rseg R_ISEG
0000            429   ;--------------------------------------------------------
0000            430   ; absolute internal ram data
0000            431   ;--------------------------------------------------------
0000            432            DSEG
0000            433   ;--------------------------------------------------------
0000            434   ; bit data
0000            435   ;--------------------------------------------------------
0000            436            rseg R_BSEG
0000            437   _Timer2_ISR_sloc0_1_0:
0000            438            DBIT    1
0001            439   ;--------------------------------------------------------
0001            440   ; paged external ram data
0001            441   ;--------------------------------------------------------
0000            442            rseg R_PSEG
0000            443   ;--------------------------------------------------------
0000            444   ; external ram data
0000            445   ;--------------------------------------------------------
0000            446            rseg R_XSEG
0000            447   ;--------------------------------------------------------
0000            448   ; absolute external ram data
0000            449   ;--------------------------------------------------------
0000            450            XSEG
0000            451   ;--------------------------------------------------------
0000            452   ; external initialized ram data
0000            453   ;--------------------------------------------------------
0000            454            rseg R_IXSEG
0000            455            rseg R_HOME
0000            456            rseg R_GSINIT
0000            457            rseg R_CSEG
0000            458   ;--------------------------------------------------------
0000            459   ; Reset entry point and interrupt vectors
0000            460   ;--------------------------------------------------------
0000            461            CSEG at 0x0000
0000 020100     462            ljmp    _crt0
002B            463            CSEG at 0x002b
002B 020100     464            ljmp    _Timer2_ISR
002E            465   ;--------------------------------------------------------
002E            466   ; global & static initialisations
002E            467   ;--------------------------------------------------------
0000            468            rseg R_HOME
0000            469            rseg R_GSINIT
0000            470            rseg R_GSINIT
0000            471   ;--------------------------------------------------------
0000            472   ; data variables initialization
0000            473   ;--------------------------------------------------------
0000            474            rseg R_DINIT
0000            475   ;        D:\DevFiles\ELEC291_Dev_Files\Project2\Receiver.c:46: volatile unsigned char pwm_count=0;
0000 75D800     476            mov     _pwm_count,#0x00
0003            477   ;        D:\DevFiles\ELEC291_Dev_Files\Project2\Receiver.c:47: volatile unsigned char power=50;
0003 759832     478            mov     _power,#0x32
0006            479   ;        D:\DevFiles\ELEC291_Dev_Files\Project2\Receiver.c:48: volatile unsigned char pwm_BLU0=0;
0006 757000     480            mov     _pwm_BLU0,#0x00
0009            481   ;        D:\DevFiles\ELEC291_Dev_Files\Project2\Receiver.c:49: volatile unsigned char pwm_BLU1=0;
0009 753000     482            mov     _pwm_BLU1,#0x00
000C            483   ;        D:\DevFiles\ELEC291_Dev_Files\Project2\Receiver.c:50: volatile unsigned char pwm_RED0=0;
000C 75F000     484            mov     _pwm_RED0,#0x00
000F            485   ;        D:\DevFiles\ELEC291_Dev_Files\Project2\Receiver.c:51: volatile unsigned char pwm_RED1=0;
000F 75B000     486            mov     _pwm_RED1,#0x00
0012            487   ;        D:\DevFiles\ELEC291_Dev_Files\Project2\Receiver.c:52: volatile unsigned char dirout=0;
0012 757000     488            mov     _dirout,#0x00
0015            489   ;        D:\DevFiles\ELEC291_Dev_Files\Project2\Receiver.c:53: volatile unsigned char overflow_count=0;
0015 753000     490            mov     _overflow_count,#0x00
0018            491   ;        D:\DevFiles\ELEC291_Dev_Files\Project2\Receiver.c:54: int i = 0;
0018 E4         492            clr     a
0019 F5F0       493            mov     _i,a
001B F5F1       494            mov     (_i + 1),a
001D            495   ;        D:\DevFiles\ELEC291_Dev_Files\Project2\Receiver.c:55: float frequency=0;
001D 75B000     496            mov     _frequency,#0x00
0020 75B100     497            mov     (_frequency + 1),#0x00
0023 75B200     498            mov     (_frequency + 2),#0x00
0026 75B300     499            mov     (_frequency + 3),#0x00
0029            500   ;        D:\DevFiles\ELEC291_Dev_Files\Project2\Receiver.c:56: volatile float BluIndVolt=0;
0029 757000     501            mov     _BluIndVolt,#0x00
002C 757100     502            mov     (_BluIndVolt + 1),#0x00
002F 757200     503            mov     (_BluIndVolt + 2),#0x00
0032 757300     504            mov     (_BluIndVolt + 3),#0x00
0035            505   ;        D:\DevFiles\ELEC291_Dev_Files\Project2\Receiver.c:57: volatile float RedIndVolt=0;
0035 753000     506            mov     _RedIndVolt,#0x00
0038 753100     507            mov     (_RedIndVolt + 1),#0x00
003B 753200     508            mov     (_RedIndVolt + 2),#0x00
003E 753300     509            mov     (_RedIndVolt + 3),#0x00
0041            510   ;        D:\DevFiles\ELEC291_Dev_Files\Project2\Receiver.c:58: volatile float FrtIndVolt=0; 
0041 75F000     511            mov     _FrtIndVolt,#0x00
0044 75F100     512            mov     (_FrtIndVolt + 1),#0x00
0047 75F200     513            mov     (_FrtIndVolt + 2),#0x00
004A 75F300     514            mov     (_FrtIndVolt + 3),#0x00
004D            515   ;        D:\DevFiles\ELEC291_Dev_Files\Project2\Receiver.c:59: unsigned char mode=FORWARD;
004D 75B003     516            mov     _mode,#0x03
0050            517            ; The linker places a 'ret' at the end of segment R_DINIT.
0050            518   ;--------------------------------------------------------
0050            519   ; code
0050            520   ;--------------------------------------------------------
0000            521            rseg R_CSEG
0000            522   ;------------------------------------------------------------
0000            523   ;Allocation info for local variables in function '_c51_external_startup'
0000            524   ;------------------------------------------------------------
0000            525   ;------------------------------------------------------------
0000            526   ;        D:\DevFiles\ELEC291_Dev_Files\Project2\Receiver.c:65: char _c51_external_startup (void)
0000            527   ;        -----------------------------------------
0000            528   ;         function _c51_external_startup
0000            529   ;        -----------------------------------------
0000            530   __c51_external_startup:
0000            531            using   0
0000            532   ;        D:\DevFiles\ELEC291_Dev_Files\Project2\Receiver.c:67: PCA0MD&=(~0x40) ;    // DISABLE WDT: clear Watchdog Enable bit
0000 53D9BF     533            anl     _PCA0MD,#0xBF
0003            534   ;        D:\DevFiles\ELEC291_Dev_Files\Project2\Receiver.c:68: VDM0CN=0x80; // enable VDD monitor
0003 75FF80     535            mov     _VDM0CN,#0x80
0006            536   ;        D:\DevFiles\ELEC291_Dev_Files\Project2\Receiver.c:69: RSTSRC=0x02|0x04; // Enable reset on missing clock detector and VDD
0006 75EF06     537            mov     _RSTSRC,#0x06
0009            538   ;        D:\DevFiles\ELEC291_Dev_Files\Project2\Receiver.c:77: CLKSEL|=0b_0000_0011; // SYSCLK derived from the Internal High-Frequency Oscillator / 1.
0009 43A903     539            orl     _CLKSEL,#0x03
000C            540   ;        D:\DevFiles\ELEC291_Dev_Files\Project2\Receiver.c:81: OSCICN |= 0x03; // Configure internal oscillator for its maximum frequency
000C 43B203     541            orl     _OSCICN,#0x03
000F            542   ;        D:\DevFiles\ELEC291_Dev_Files\Project2\Receiver.c:84: SCON0 = 0x10;
000F 759810     543            mov     _SCON0,#0x10
0012            544   ;        D:\DevFiles\ELEC291_Dev_Files\Project2\Receiver.c:86: TH1 = 0x10000-((SYSCLK/BAUDRATE)/2L);
0012 758D30     545            mov     _TH1,#0x30
0015            546   ;        D:\DevFiles\ELEC291_Dev_Files\Project2\Receiver.c:87: CKCON &= ~0x0B;                  // T1M = 1; SCA1:0 = xx
0015 538EF4     547            anl     _CKCON,#0xF4
0018            548   ;        D:\DevFiles\ELEC291_Dev_Files\Project2\Receiver.c:88: CKCON |=  0x08;
0018 438E08     549            orl     _CKCON,#0x08
001B            550   ;        D:\DevFiles\ELEC291_Dev_Files\Project2\Receiver.c:101: TL1 = TH1;      // Init Timer1
001B 858D8B     551            mov     _TL1,_TH1
001E            552   ;        D:\DevFiles\ELEC291_Dev_Files\Project2\Receiver.c:102: TMOD &= ~0xf0;  // TMOD: timer 1 in 8-bit autoreload
001E 53890F     553            anl     _TMOD,#0x0F
0021            554   ;        D:\DevFiles\ELEC291_Dev_Files\Project2\Receiver.c:103: TMOD |=  0x20;
0021 438920     555            orl     _TMOD,#0x20
0024            556   ;        D:\DevFiles\ELEC291_Dev_Files\Project2\Receiver.c:104: TR1 = 1; // START Timer1
0024 D28E       557            setb    _TR1
0026            558   ;        D:\DevFiles\ELEC291_Dev_Files\Project2\Receiver.c:105: TI = 1;  // Indicate TX0 ready
0026 D299       559            setb    _TI
0028            560   ;        D:\DevFiles\ELEC291_Dev_Files\Project2\Receiver.c:108: P2MDOUT|=0b_0000_0011;
0028 43A603     561            orl     _P2MDOUT,#0x03
002B            562   ;        D:\DevFiles\ELEC291_Dev_Files\Project2\Receiver.c:109: P0MDOUT |= 0x10; // Enable UTX as push-pull output
002B 43A410     563            orl     _P0MDOUT,#0x10
002E            564   ;        D:\DevFiles\ELEC291_Dev_Files\Project2\Receiver.c:110: XBR0     = 0x01; // Enable UART on P0.4(TX) and P0.5(RX)
002E 75E101     565            mov     _XBR0,#0x01
0031            566   ;        D:\DevFiles\ELEC291_Dev_Files\Project2\Receiver.c:111: XBR1     = 0x40; // Enable crossbar and weak pull-ups
0031 75E240     567            mov     _XBR1,#0x40
0034            568   ;        D:\DevFiles\ELEC291_Dev_Files\Project2\Receiver.c:113: return 0;
0034 758200     569            mov     dpl,#0x00
0037 22         570            ret
0038            571   ;------------------------------------------------------------
0038            572   ;Allocation info for local variables in function 'Timer3us'
0038            573   ;------------------------------------------------------------
0038            574   ;us                        Allocated to registers r2 
0038            575   ;i                         Allocated to registers r3 
0038            576   ;------------------------------------------------------------
0038            577   ;        D:\DevFiles\ELEC291_Dev_Files\Project2\Receiver.c:120: void Timer3us(unsigned char us)
0038            578   ;        -----------------------------------------
0038            579   ;         function Timer3us
0038            580   ;        -----------------------------------------
0038            581   _Timer3us:
0038 AA82       582            mov     r2,dpl
003A            583   ;        D:\DevFiles\ELEC291_Dev_Files\Project2\Receiver.c:125: CKCON|=0b_0100_0000;
003A 438E40     584            orl     _CKCON,#0x40
003D            585   ;        D:\DevFiles\ELEC291_Dev_Files\Project2\Receiver.c:127: TMR3RL = (-(SYSCLK)/1000000L); // Set Timer3 to overflow in 1us.
003D 7592D0     586            mov     _TMR3RL,#0xD0
0040 7593FF     587            mov     (_TMR3RL >> 8),#0xFF
0043            588   ;        D:\DevFiles\ELEC291_Dev_Files\Project2\Receiver.c:128: TMR3 = TMR3RL;                 // Initialize Timer3 for first overflow
0043 859294     589            mov     _TMR3,_TMR3RL
0046 859395     590            mov     (_TMR3 >> 8),(_TMR3RL >> 8)
0049            591   ;        D:\DevFiles\ELEC291_Dev_Files\Project2\Receiver.c:130: TMR3CN = 0x04;                 // Sart Timer3 and clear overflow flag
0049 759104     592            mov     _TMR3CN,#0x04
004C            593   ;        D:\DevFiles\ELEC291_Dev_Files\Project2\Receiver.c:131: for (i = 0; i < us; i++)       // Count <us> overflows
004C 7B00       594            mov     r3,#0x00
004E            595   L003004?:
004E C3         596            clr     c
004F EB         597            mov     a,r3
0050 9A         598            subb    a,r2
0051 5001       599            jnc     L003007?
0053            600   ;        D:\DevFiles\ELEC291_Dev_Files\Project2\Receiver.c:133: while (!(TMR3CN & 0x80));  // Wait for overflow
0053            601   L003001?:
0053 E591       602            mov     a,_TMR3CN
0055 30E7E8     603            jnb     acc.7,L003001?
0058            604   ;        D:\DevFiles\ELEC291_Dev_Files\Project2\Receiver.c:134: TMR3CN &= ~(0x80);         // Clear overflow indicator
0058 53917F     605            anl     _TMR3CN,#0x7F
005B            606   ;        D:\DevFiles\ELEC291_Dev_Files\Project2\Receiver.c:131: for (i = 0; i < us; i++)       // Count <us> overflows
005B 0B         607            inc     r3
005C 8001       608            sjmp    L003004?
005E            609   L003007?:
005E            610   ;        D:\DevFiles\ELEC291_Dev_Files\Project2\Receiver.c:136: TMR3CN = 0 ;                   // Stop Timer3 and clear overflow flag
005E 759100     611            mov     _TMR3CN,#0x00
0061 22         612            ret
0062            613   ;------------------------------------------------------------
0062            614   ;Allocation info for local variables in function 'waitms'
0062            615   ;------------------------------------------------------------
0062            616   ;ms                        Allocated to registers r2 r3 
0062            617   ;j                         Allocated to registers r2 r3 
0062            618   ;------------------------------------------------------------
0062            619   ;        D:\DevFiles\ELEC291_Dev_Files\Project2\Receiver.c:143: void waitms (unsigned int ms)
0062            620   ;        -----------------------------------------
0062            621   ;         function waitms
0062            622   ;        -----------------------------------------
0062            623   _waitms:
0062 AA82       624            mov     r2,dpl
0064 AB83       625            mov     r3,dph
0066            626   ;        D:\DevFiles\ELEC291_Dev_Files\Project2\Receiver.c:146: for(j=ms; j!=0; j--)
0066            627   L004001?:
0066 BA00E8     628            cjne    r2,#0x00,L004010?
0069 BB00E8     629            cjne    r3,#0x00,L004010?
006C 22         630            ret
006D            631   L004010?:
006D            632   ;        D:\DevFiles\ELEC291_Dev_Files\Project2\Receiver.c:148: Timer3us(249);
006D 7582F9     633            mov     dpl,#0xF9
0070 C002       634            push    ar2
0072 C003       635            push    ar3
0074 120100     636            lcall   _Timer3us
0077            637   ;        D:\DevFiles\ELEC291_Dev_Files\Project2\Receiver.c:149: Timer3us(249);
0077 7582F9     638            mov     dpl,#0xF9
007A 120100     639            lcall   _Timer3us
007D            640   ;        D:\DevFiles\ELEC291_Dev_Files\Project2\Receiver.c:150: Timer3us(249);
007D 7582F9     641            mov     dpl,#0xF9
0080 120100     642            lcall   _Timer3us
0083            643   ;        D:\DevFiles\ELEC291_Dev_Files\Project2\Receiver.c:151: Timer3us(250);
0083 7582FA     644            mov     dpl,#0xFA
0086 120100     645            lcall   _Timer3us
0089 D003       646            pop     ar3
008B D002       647            pop     ar2
008D            648   ;        D:\DevFiles\ELEC291_Dev_Files\Project2\Receiver.c:146: for(j=ms; j!=0; j--)
008D 1A         649            dec     r2
008E BAFF28     650            cjne    r2,#0xff,L004011?
0091 1B         651            dec     r3
0092            652   L004011?:
0092 8001       653            sjmp    L004001?
0094            654   ;------------------------------------------------------------
0094            655   ;Allocation info for local variables in function 'TIMER0_Init'
0094            656   ;------------------------------------------------------------
0094            657   ;------------------------------------------------------------
0094            658   ;        D:\DevFiles\ELEC291_Dev_Files\Project2\Receiver.c:157: void TIMER0_Init(void)
0094            659   ;        -----------------------------------------
0094            660   ;         function TIMER0_Init
0094            661   ;        -----------------------------------------
0094            662   _TIMER0_Init:
0094            663   ;        D:\DevFiles\ELEC291_Dev_Files\Project2\Receiver.c:159: TMOD&=0b_1111_0000; // Set the bits of Timer/Counter 0 to zero
0094 5389F0     664            anl     _TMOD,#0xF0
0097            665   ;        D:\DevFiles\ELEC291_Dev_Files\Project2\Receiver.c:160: TMOD|=0b_0000_0001; // Timer/Counter 0 used as a 16-bit timer
0097 438901     666            orl     _TMOD,#0x01
009A            667   ;        D:\DevFiles\ELEC291_Dev_Files\Project2\Receiver.c:161: TR0=0; // Stop Timer/Counter 0
009A C28C       668            clr     _TR0
009C 22         669            ret
009D            670   ;------------------------------------------------------------
009D            671   ;Allocation info for local variables in function 'TIMER2_Init'
009D            672   ;------------------------------------------------------------
009D            673   ;------------------------------------------------------------
009D            674   ;        D:\DevFiles\ELEC291_Dev_Files\Project2\Receiver.c:167: void TIMER2_Init(void)
009D            675   ;        -----------------------------------------
009D            676   ;         function TIMER2_Init
009D            677   ;        -----------------------------------------
009D            678   _TIMER2_Init:
009D            679   ;        D:\DevFiles\ELEC291_Dev_Files\Project2\Receiver.c:169: TMR2CN=0x00;   // Stop Timer2; Clear TF2;
009D 75C800     680            mov     _TMR2CN,#0x00
00A0            681   ;        D:\DevFiles\ELEC291_Dev_Files\Project2\Receiver.c:170: CKCON|=0b_0001_0000;
00A0 438E10     682            orl     _CKCON,#0x10
00A3            683   ;        D:\DevFiles\ELEC291_Dev_Files\Project2\Receiver.c:171: TMR2RL=(-(SYSCLK/(2*48))/(100L)); // Initialize reload value
00A3 75CA78     684            mov     _TMR2RL,#0x78
00A6 75CBEC     685            mov     (_TMR2RL >> 8),#0xEC
00A9            686   ;        D:\DevFiles\ELEC291_Dev_Files\Project2\Receiver.c:172: TMR2=0xffff;   // Set to reload immediately
00A9 75CCFF     687            mov     _TMR2,#0xFF
00AC 75CDFF     688            mov     (_TMR2 >> 8),#0xFF
00AF            689   ;        D:\DevFiles\ELEC291_Dev_Files\Project2\Receiver.c:173: ET2=1;         // Enable Timer2 interrupts
00AF D2AD       690            setb    _ET2
00B1            691   ;        D:\DevFiles\ELEC291_Dev_Files\Project2\Receiver.c:174: TR2=1;         // Start Timer2
00B1 D2CA       692            setb    _TR2
00B3 22         693            ret
00B4            694   ;------------------------------------------------------------
00B4            695   ;Allocation info for local variables in function 'InitADC'
00B4            696   ;------------------------------------------------------------
00B4            697   ;------------------------------------------------------------
00B4            698   ;        D:\DevFiles\ELEC291_Dev_Files\Project2\Receiver.c:180: void InitADC (void)
00B4            699   ;        -----------------------------------------
00B4            700   ;         function InitADC
00B4            701   ;        -----------------------------------------
00B4            702   _InitADC:
00B4            703   ;        D:\DevFiles\ELEC291_Dev_Files\Project2\Receiver.c:183: ADC0CF = 0xF8; // SAR clock = 31, Right-justified result
00B4 75BCF8     704            mov     _ADC0CF,#0xF8
00B7            705   ;        D:\DevFiles\ELEC291_Dev_Files\Project2\Receiver.c:184: ADC0CN = 0b_1000_0000; // AD0EN=1, AD0TM=0
00B7 75E880     706            mov     _ADC0CN,#0x80
00BA            707   ;        D:\DevFiles\ELEC291_Dev_Files\Project2\Receiver.c:185: REF0CN = 0b_0000_1000; //Select VDD as the voltage reference for the converter
00BA 75D108     708            mov     _REF0CN,#0x08
00BD 22         709            ret
00BE            710   ;------------------------------------------------------------
00BE            711   ;Allocation info for local variables in function 'InitPinADC'
00BE            712   ;------------------------------------------------------------
00BE            713   ;pinno                     Allocated with name '_InitPinADC_PARM_2'
00BE            714   ;portno                    Allocated to registers r2 
00BE            715   ;mask                      Allocated to registers r3 
00BE            716   ;------------------------------------------------------------
00BE            717   ;        D:\DevFiles\ELEC291_Dev_Files\Project2\Receiver.c:192: void InitPinADC (unsigned char portno, unsigned char pinno)
00BE            718   ;        -----------------------------------------
00BE            719   ;         function InitPinADC
00BE            720   ;        -----------------------------------------
00BE            721   _InitPinADC:
00BE AA82       722            mov     r2,dpl
00C0            723   ;        D:\DevFiles\ELEC291_Dev_Files\Project2\Receiver.c:196: mask=1<<pinno;
00C0 8550F0     724            mov     b,_InitPinADC_PARM_2
00C3 05F0       725            inc     b
00C5 7401       726            mov     a,#0x01
00C7 8001       727            sjmp    L008012?
00C9            728   L008010?:
00C9 25E0       729            add     a,acc
00CB            730   L008012?:
00CB D5F0E8     731            djnz    b,L008010?
00CE FB         732            mov     r3,a
00CF            733   ;        D:\DevFiles\ELEC291_Dev_Files\Project2\Receiver.c:198: switch (portno)
00CF EA         734            mov     a,r2
00D0 24FC       735            add     a,#0xff - 0x03
00D2 4001       736            jc      L008007?
00D4 EA         737            mov     a,r2
00D5 2A         738            add     a,r2
00D6 2A         739            add     a,r2
00D7 909D68     740            mov     dptr,#L008014?
00DA 73         741            jmp     @a+dptr
00DB            742   L008014?:
00DB 020100     743            ljmp    L008001?
00DE 020100     744            ljmp    L008002?
00E1 020100     745            ljmp    L008003?
00E4 020100     746            ljmp    L008004?
00E7            747   ;        D:\DevFiles\ELEC291_Dev_Files\Project2\Receiver.c:200: case 0:
00E7            748   L008001?:
00E7            749   ;        D:\DevFiles\ELEC291_Dev_Files\Project2\Receiver.c:201: P0MDIN &= (~mask); // Set pin as analog input
00E7 EB         750            mov     a,r3
00E8 F4         751            cpl     a
00E9 52F1       752            anl     _P0MDIN,a
00EB            753   ;        D:\DevFiles\ELEC291_Dev_Files\Project2\Receiver.c:202: P0SKIP |= mask; // Skip Crossbar decoding for this pin
00EB EB         754            mov     a,r3
00EC 42D4       755            orl     _P0SKIP,a
00EE            756   ;        D:\DevFiles\ELEC291_Dev_Files\Project2\Receiver.c:203: break;
00EE            757   ;        D:\DevFiles\ELEC291_Dev_Files\Project2\Receiver.c:204: case 1:
00EE 22         758            ret
00EF            759   L008002?:
00EF            760   ;        D:\DevFiles\ELEC291_Dev_Files\Project2\Receiver.c:205: P1MDIN &= (~mask); // Set pin as analog input
00EF EB         761            mov     a,r3
00F0 F4         762            cpl     a
00F1 52F2       763            anl     _P1MDIN,a
00F3            764   ;        D:\DevFiles\ELEC291_Dev_Files\Project2\Receiver.c:206: P1SKIP |= mask; // Skip Crossbar decoding for this pin
00F3 EB         765            mov     a,r3
00F4 42D5       766            orl     _P1SKIP,a
00F6            767   ;        D:\DevFiles\ELEC291_Dev_Files\Project2\Receiver.c:207: break;
00F6            768   ;        D:\DevFiles\ELEC291_Dev_Files\Project2\Receiver.c:208: case 2:
00F6 22         769            ret
00F7            770   L008003?:
00F7            771   ;        D:\DevFiles\ELEC291_Dev_Files\Project2\Receiver.c:209: P2MDIN &= (~mask); // Set pin as analog input
00F7 EB         772            mov     a,r3
00F8 F4         773            cpl     a
00F9 52F3       774            anl     _P2MDIN,a
00FB            775   ;        D:\DevFiles\ELEC291_Dev_Files\Project2\Receiver.c:210: P2SKIP |= mask; // Skip Crossbar decoding for this pin
00FB EB         776            mov     a,r3
00FC 42D6       777            orl     _P2SKIP,a
00FE            778   ;        D:\DevFiles\ELEC291_Dev_Files\Project2\Receiver.c:211: break;
00FE            779   ;        D:\DevFiles\ELEC291_Dev_Files\Project2\Receiver.c:212: case 3:
00FE 22         780            ret
00FF            781   L008004?:
00FF            782   ;        D:\DevFiles\ELEC291_Dev_Files\Project2\Receiver.c:213: P3MDIN &= (~mask); // Set pin as analog input
00FF EB         783            mov     a,r3
0100 F4         784            cpl     a
0101 FA         785            mov     r2,a
0102 52F4       786            anl     _P3MDIN,a
0104            787   ;        D:\DevFiles\ELEC291_Dev_Files\Project2\Receiver.c:214: P3SKIP |= mask; // Skip Crossbar decoding for this pin
0104 EB         788            mov     a,r3
0105 42DF       789            orl     _P3SKIP,a
0107            790   ;        D:\DevFiles\ELEC291_Dev_Files\Project2\Receiver.c:218: }
0107            791   L008007?:
0107 22         792            ret
0108            793   ;------------------------------------------------------------
0108            794   ;Allocation info for local variables in function 'ADC_at_Pin'
0108            795   ;------------------------------------------------------------
0108            796   ;pin                       Allocated to registers 
0108            797   ;------------------------------------------------------------
0108            798   ;        D:\DevFiles\ELEC291_Dev_Files\Project2\Receiver.c:225: unsigned int ADC_at_Pin(unsigned char pin)
0108            799   ;        -----------------------------------------
0108            800   ;         function ADC_at_Pin
0108            801   ;        -----------------------------------------
0108            802   _ADC_at_Pin:
0108 8582BB     803            mov     _AMX0P,dpl
010B            804   ;        D:\DevFiles\ELEC291_Dev_Files\Project2\Receiver.c:228: AMX0N = LQFP32_MUX_GND;  // GND is negative input (Single-ended Mode)
010B 75BA1F     805            mov     _AMX0N,#0x1F
010E            806   ;        D:\DevFiles\ELEC291_Dev_Files\Project2\Receiver.c:230: AD0BUSY=1;
010E D2EC       807            setb    _AD0BUSY
0110            808   ;        D:\DevFiles\ELEC291_Dev_Files\Project2\Receiver.c:231: while (AD0BUSY); // Wait for dummy conversion to finish
0110            809   L009001?:
0110 20ECA8     810            jb      _AD0BUSY,L009001?
0113            811   ;        D:\DevFiles\ELEC291_Dev_Files\Project2\Receiver.c:233: AD0BUSY = 1;
0113 D2EC       812            setb    _AD0BUSY
0115            813   ;        D:\DevFiles\ELEC291_Dev_Files\Project2\Receiver.c:234: while (AD0BUSY); // Wait for conversion to complete
0115            814   L009004?:
0115 20ECE8     815            jb      _AD0BUSY,L009004?
0118            816   ;        D:\DevFiles\ELEC291_Dev_Files\Project2\Receiver.c:235: return (ADC0L+(ADC0H*0x100));
0118 AABD       817            mov     r2,_ADC0L
011A 7B00       818            mov     r3,#0x00
011C ADBE       819            mov     r5,_ADC0H
011E 7C00       820            mov     r4,#0x00
0120 EC         821            mov     a,r4
0121 2A         822            add     a,r2
0122 F582       823            mov     dpl,a
0124 ED         824            mov     a,r5
0125 3B         825            addc    a,r3
0126 F583       826            mov     dph,a
0128 22         827            ret
0129            828   ;------------------------------------------------------------
0129            829   ;Allocation info for local variables in function 'Volts_at_Pin'
0129            830   ;------------------------------------------------------------
0129            831   ;pin                       Allocated to registers r2 
0129            832   ;------------------------------------------------------------
0129            833   ;        D:\DevFiles\ELEC291_Dev_Files\Project2\Receiver.c:242: float Volts_at_Pin(unsigned char pin)
0129            834   ;        -----------------------------------------
0129            835   ;         function Volts_at_Pin
0129            836   ;        -----------------------------------------
0129            837   _Volts_at_Pin:
0129            838   ;        D:\DevFiles\ELEC291_Dev_Files\Project2\Receiver.c:244: return ((ADC_at_Pin(pin)*VDD_onboard)/1024.0);
0129 120100     839            lcall   _ADC_at_Pin
012C 120100     840            lcall   ___uint2fs
012F AA82       841            mov     r2,dpl
0131 AB83       842            mov     r3,dph
0133 ACF0       843            mov     r4,b
0135 FD         844            mov     r5,a
0136 C002       845            push    ar2
0138 C003       846            push    ar3
013A C004       847            push    ar4
013C C005       848            push    ar5
013E 9020C5     849            mov     dptr,#0x20C5
0141 75F058     850            mov     b,#0x58
0144 7440       851            mov     a,#0x40
0146 120100     852            lcall   ___fsmul
0149 AA82       853            mov     r2,dpl
014B AB83       854            mov     r3,dph
014D ACF0       855            mov     r4,b
014F FD         856            mov     r5,a
0150 E581       857            mov     a,sp
0152 24FC       858            add     a,#0xfc
0154 F581       859            mov     sp,a
0156 E4         860            clr     a
0157 C0E0       861            push    acc
0159 C0E0       862            push    acc
015B 7480       863            mov     a,#0x80
015D C0E0       864            push    acc
015F 7444       865            mov     a,#0x44
0161 C0E0       866            push    acc
0163 8A82       867            mov     dpl,r2
0165 8B83       868            mov     dph,r3
0167 8CF0       869            mov     b,r4
0169 ED         870            mov     a,r5
016A 120100     871            lcall   ___fsdiv
016D AA82       872            mov     r2,dpl
016F AB83       873            mov     r3,dph
0171 ACF0       874            mov     r4,b
0173 FD         875            mov     r5,a
0174 E581       876            mov     a,sp
0176 24FC       877            add     a,#0xfc
0178 F581       878            mov     sp,a
017A 8A82       879            mov     dpl,r2
017C 8B83       880            mov     dph,r3
017E 8CF0       881            mov     b,r4
0180 ED         882            mov     a,r5
0181 22         883            ret
0182            884   ;------------------------------------------------------------
0182            885   ;Allocation info for local variables in function 'Timer2_ISR'
0182            886   ;------------------------------------------------------------
0182            887   ;------------------------------------------------------------
0182            888   ;        D:\DevFiles\ELEC291_Dev_Files\Project2\Receiver.c:251: void Timer2_ISR (void) interrupt 5
0182            889   ;        -----------------------------------------
0182            890   ;         function Timer2_ISR
0182            891   ;        -----------------------------------------
0182            892   _Timer2_ISR:
0182 C0E0       893            push    acc
0184 C0D0       894            push    psw
0186 75D000     895            mov     psw,#0x00
0189            896   ;        D:\DevFiles\ELEC291_Dev_Files\Project2\Receiver.c:253: TF2H = 0; // Clear Timer2 interrupt flag
0189 C2CF       897            clr     _TF2H
018B            898   ;        D:\DevFiles\ELEC291_Dev_Files\Project2\Receiver.c:255: pwm_count++;
018B 05D8       899            inc     _pwm_count
018D            900   ;        D:\DevFiles\ELEC291_Dev_Files\Project2\Receiver.c:256: if(pwm_count>100) pwm_count=0;
018D E5D8       901            mov     a,_pwm_count
018F 249B       902            add     a,#0xff - 0x64
0191 5001       903            jnc     L011002?
0193 75D800     904            mov     _pwm_count,#0x00
0196            905   L011002?:
0196            906   ;        D:\DevFiles\ELEC291_Dev_Files\Project2\Receiver.c:258: BLU0=pwm_count>pwm_BLU0?0:1;
0196 C3         907            clr     c
0197 E570       908            mov     a,_pwm_BLU0
0199 95D8       909            subb    a,_pwm_count
019B 92A8       910            mov  _Timer2_ISR_sloc0_1_0,c
019D B3         911            cpl     c
019E 92A2       912            mov     _P2_2,c
01A0            913   ;        D:\DevFiles\ELEC291_Dev_Files\Project2\Receiver.c:259: BLU1=pwm_count>pwm_BLU1?0:1;
01A0 C3         914            clr     c
01A1 E530       915            mov     a,_pwm_BLU1
01A3 95D8       916            subb    a,_pwm_count
01A5 92A8       917            mov  _Timer2_ISR_sloc0_1_0,c
01A7 B3         918            cpl     c
01A8 92A5       919            mov     _P2_5,c
01AA            920   ;        D:\DevFiles\ELEC291_Dev_Files\Project2\Receiver.c:261: RED0=pwm_count>pwm_RED0?0:1;
01AA C3         921            clr     c
01AB E5F0       922            mov     a,_pwm_RED0
01AD 95D8       923            subb    a,_pwm_count
01AF 92A8       924            mov  _Timer2_ISR_sloc0_1_0,c
01B1 B3         925            cpl     c
01B2 92A4       926            mov     _P2_4,c
01B4            927   ;        D:\DevFiles\ELEC291_Dev_Files\Project2\Receiver.c:262: RED1=pwm_count>pwm_RED1?0:1;
01B4 C3         928            clr     c
01B5 E5B0       929            mov     a,_pwm_RED1
01B7 95D8       930            subb    a,_pwm_count
01B9 92A8       931            mov  _Timer2_ISR_sloc0_1_0,c
01BB B3         932            cpl     c
01BC 92A3       933            mov     _P2_3,c
01BE D0D0       934            pop     psw
01C0 D0E0       935            pop     acc
01C2 32         936            reti
01C3            937   ;        eliminated unneeded push/pop dpl
01C3            938   ;        eliminated unneeded push/pop dph
01C3            939   ;        eliminated unneeded push/pop b
01C3            940   ;------------------------------------------------------------
01C3            941   ;Allocation info for local variables in function 'ReadFrequency'
01C3            942   ;------------------------------------------------------------
01C3            943   ;------------------------------------------------------------
01C3            944   ;        D:\DevFiles\ELEC291_Dev_Files\Project2\Receiver.c:269: void ReadFrequency (void)
01C3            945   ;        -----------------------------------------
01C3            946   ;         function ReadFrequency
01C3            947   ;        -----------------------------------------
01C3            948   _ReadFrequency:
01C3            949   ;        D:\DevFiles\ELEC291_Dev_Files\Project2\Receiver.c:273: TL0=0;
01C3 758A00     950            mov     _TL0,#0x00
01C6            951   ;        D:\DevFiles\ELEC291_Dev_Files\Project2\Receiver.c:274: TH0=0;
01C6 758C00     952            mov     _TH0,#0x00
01C9            953   ;        D:\DevFiles\ELEC291_Dev_Files\Project2\Receiver.c:275: TF0=0;
01C9 C28D       954            clr     _TF0
01CB            955   ;        D:\DevFiles\ELEC291_Dev_Files\Project2\Receiver.c:276: overflow_count=0;
01CB 753000     956            mov     _overflow_count,#0x00
01CE            957   ;        D:\DevFiles\ELEC291_Dev_Files\Project2\Receiver.c:278: while(FRQIN!=0); // Wait for the signal to be zero
01CE            958   L012001?:
01CE 2096A8     959            jb      _P1_6,L012001?
01D1            960   ;        D:\DevFiles\ELEC291_Dev_Files\Project2\Receiver.c:279: while(FRQIN!=1); // Wait for the signal to be one
01D1            961   L012004?:
01D1 3096E8     962            jnb     _P1_6,L012004?
01D4            963   ;        D:\DevFiles\ELEC291_Dev_Files\Project2\Receiver.c:280: TR0=1; // Start the timer
01D4 D28C       964            setb    _TR0
01D6            965   ;        D:\DevFiles\ELEC291_Dev_Files\Project2\Receiver.c:281: while(FRQIN!=0) // Wait for the signal to be zero
01D6            966   L012009?:
01D6 309668     967            jnb     _P1_6,L012014?
01D9            968   ;        D:\DevFiles\ELEC291_Dev_Files\Project2\Receiver.c:283: if(TF0==1) // Did the 16-bit timer overflow?
01D9            969   ;        D:\DevFiles\ELEC291_Dev_Files\Project2\Receiver.c:285: TF0=0;
01D9 108DA8     970            jbc     _TF0,L012031?
01DC 8001       971            sjmp    L012009?
01DE            972   L012031?:
01DE            973   ;        D:\DevFiles\ELEC291_Dev_Files\Project2\Receiver.c:286: overflow_count++;
01DE 0530       974            inc     _overflow_count
01E0            975   ;        D:\DevFiles\ELEC291_Dev_Files\Project2\Receiver.c:289: while(FRQIN!=1) // Wait for the signal to be one
01E0 8001       976            sjmp    L012009?
01E2            977   L012014?:
01E2 2096E8     978            jb      _P1_6,L012016?
01E5            979   ;        D:\DevFiles\ELEC291_Dev_Files\Project2\Receiver.c:291: if(TF0==1) // Did the 16-bit timer overflow?
01E5            980   ;        D:\DevFiles\ELEC291_Dev_Files\Project2\Receiver.c:293: TF0=0;
01E5 108D28     981            jbc     _TF0,L012033?
01E8 8001       982            sjmp    L012014?
01EA            983   L012033?:
01EA            984   ;        D:\DevFiles\ELEC291_Dev_Files\Project2\Receiver.c:294: overflow_count++;
01EA 0530       985            inc     _overflow_count
01EC 8001       986            sjmp    L012014?
01EE            987   L012016?:
01EE            988   ;        D:\DevFiles\ELEC291_Dev_Files\Project2\Receiver.c:298: TR0=0; // Stop timer 0, the 24-bit number [overflow_count-TH0-TL0] has the period. Then convert it to frequency
01EE C28C       989            clr     _TR0
01F0            990   ;        D:\DevFiles\ELEC291_Dev_Files\Project2\Receiver.c:300: frequency=1.0/((overflow_count*65536.0+TH0*256.0+TL0)*(12.0/SYSCLK)); // Compute frequency
01F0 853082     991            mov     dpl,_overflow_count
01F3 120100     992            lcall   ___uchar2fs
01F6 AA82       993            mov     r2,dpl
01F8 AB83       994            mov     r3,dph
01FA ACF0       995            mov     r4,b
01FC FD         996            mov     r5,a
01FD C002       997            push    ar2
01FF C003       998            push    ar3
0201 C004       999            push    ar4
0203 C005      1000            push    ar5
0205 900000    1001            mov     dptr,#0x0000
0208 75F080    1002            mov     b,#0x80
020B 7447      1003            mov     a,#0x47
020D 120100    1004            lcall   ___fsmul
0210 AA82      1005            mov     r2,dpl
0212 AB83      1006            mov     r3,dph
0214 ACF0      1007            mov     r4,b
0216 FD        1008            mov     r5,a
0217 E581      1009            mov     a,sp
0219 24FC      1010            add     a,#0xfc
021B F581      1011            mov     sp,a
021D 858C82    1012            mov     dpl,_TH0
0220 C002      1013            push    ar2
0222 C003      1014            push    ar3
0224 C004      1015            push    ar4
0226 C005      1016            push    ar5
0228 120100    1017            lcall   ___uchar2fs
022B AE82      1018            mov     r6,dpl
022D AF83      1019            mov     r7,dph
022F A8F0      1020            mov     r0,b
0231 F9        1021            mov     r1,a
0232 C006      1022            push    ar6
0234 C007      1023            push    ar7
0236 C000      1024            push    ar0
0238 C001      1025            push    ar1
023A 900000    1026            mov     dptr,#0x0000
023D 75F080    1027            mov     b,#0x80
0240 7443      1028            mov     a,#0x43
0242 120100    1029            lcall   ___fsmul
0245 AE82      1030            mov     r6,dpl
0247 AF83      1031            mov     r7,dph
0249 A8F0      1032            mov     r0,b
024B F9        1033            mov     r1,a
024C E581      1034            mov     a,sp
024E 24FC      1035            add     a,#0xfc
0250 F581      1036            mov     sp,a
0252 D005      1037            pop     ar5
0254 D004      1038            pop     ar4
0256 D003      1039            pop     ar3
0258 D002      1040            pop     ar2
025A C006      1041            push    ar6
025C C007      1042            push    ar7
025E C000      1043            push    ar0
0260 C001      1044            push    ar1
0262 8A82      1045            mov     dpl,r2
0264 8B83      1046            mov     dph,r3
0266 8CF0      1047            mov     b,r4
0268 ED        1048            mov     a,r5
0269 120100    1049            lcall   ___fsadd
026C AA82      1050            mov     r2,dpl
026E AB83      1051            mov     r3,dph
0270 ACF0      1052            mov     r4,b
0272 FD        1053            mov     r5,a
0273 E581      1054            mov     a,sp
0275 24FC      1055            add     a,#0xfc
0277 F581      1056            mov     sp,a
0279 AE8A      1057            mov     r6,_TL0
027B 7F00      1058            mov     r7,#0x00
027D 8E82      1059            mov     dpl,r6
027F 8F83      1060            mov     dph,r7
0281 C002      1061            push    ar2
0283 C003      1062            push    ar3
0285 C004      1063            push    ar4
0287 C005      1064            push    ar5
0289 120100    1065            lcall   ___sint2fs
028C AE82      1066            mov     r6,dpl
028E AF83      1067            mov     r7,dph
0290 A8F0      1068            mov     r0,b
0292 F9        1069            mov     r1,a
0293 D005      1070            pop     ar5
0295 D004      1071            pop     ar4
0297 D003      1072            pop     ar3
0299 D002      1073            pop     ar2
029B C006      1074            push    ar6
029D C007      1075            push    ar7
029F C000      1076            push    ar0
02A1 C001      1077            push    ar1
02A3 8A82      1078            mov     dpl,r2
02A5 8B83      1079            mov     dph,r3
02A7 8CF0      1080            mov     b,r4
02A9 ED        1081            mov     a,r5
02AA 120100    1082            lcall   ___fsadd
02AD AA82      1083            mov     r2,dpl
02AF AB83      1084            mov     r3,dph
02B1 ACF0      1085            mov     r4,b
02B3 FD        1086            mov     r5,a
02B4 E581      1087            mov     a,sp
02B6 24FC      1088            add     a,#0xfc
02B8 F581      1089            mov     sp,a
02BA C002      1090            push    ar2
02BC C003      1091            push    ar3
02BE C004      1092            push    ar4
02C0 C005      1093            push    ar5
02C2 9037BD    1094            mov     dptr,#0x37BD
02C5 75F086    1095            mov     b,#0x86
02C8 7434      1096            mov     a,#0x34
02CA 120100    1097            lcall   ___fsmul
02CD AA82      1098            mov     r2,dpl
02CF AB83      1099            mov     r3,dph
02D1 ACF0      1100            mov     r4,b
02D3 FD        1101            mov     r5,a
02D4 E581      1102            mov     a,sp
02D6 24FC      1103            add     a,#0xfc
02D8 F581      1104            mov     sp,a
02DA C002      1105            push    ar2
02DC C003      1106            push    ar3
02DE C004      1107            push    ar4
02E0 C005      1108            push    ar5
02E2 900000    1109            mov     dptr,#0x0000
02E5 75F080    1110            mov     b,#0x80
02E8 743F      1111            mov     a,#0x3F
02EA 120100    1112            lcall   ___fsdiv
02ED 8582B0    1113            mov     _frequency,dpl
02F0 8583B1    1114            mov     (_frequency + 1),dph
02F3 85F0B2    1115            mov     (_frequency + 2),b
02F6 F5B3      1116            mov     (_frequency + 3),a
02F8 E581      1117            mov     a,sp
02FA 24FC      1118            add     a,#0xfc
02FC F581      1119            mov     sp,a
02FE 22        1120            ret
02FF           1121   ;------------------------------------------------------------
02FF           1122   ;Allocation info for local variables in function 'DetermineMode'
02FF           1123   ;------------------------------------------------------------
02FF           1124   ;------------------------------------------------------------
02FF           1125   ;        D:\DevFiles\ELEC291_Dev_Files\Project2\Receiver.c:306: void DetermineMode (void) {
02FF           1126   ;        -----------------------------------------
02FF           1127   ;         function DetermineMode
02FF           1128   ;        -----------------------------------------
02FF           1129   _DetermineMode:
02FF           1130   ;        D:\DevFiles\ELEC291_Dev_Files\Project2\Receiver.c:307: ReadFrequency();
02FF 020100    1131            ljmp    _ReadFrequency
0302           1132   ;------------------------------------------------------------
0302           1133   ;Allocation info for local variables in function 'ReadInductorStatus'
0302           1134   ;------------------------------------------------------------
0302           1135   ;------------------------------------------------------------
0302           1136   ;        D:\DevFiles\ELEC291_Dev_Files\Project2\Receiver.c:318: void ReadInductorStatus (void)
0302           1137   ;        -----------------------------------------
0302           1138   ;         function ReadInductorStatus
0302           1139   ;        -----------------------------------------
0302           1140   _ReadInductorStatus:
0302           1141   ;        D:\DevFiles\ELEC291_Dev_Files\Project2\Receiver.c:320: BluIndVolt = Volts_at_Pin(LQFP32_MUX_P2_7);
0302 75820F    1142            mov     dpl,#0x0F
0305 120100    1143            lcall   _Volts_at_Pin
0308 858270    1144            mov     _BluIndVolt,dpl
030B 858371    1145            mov     (_BluIndVolt + 1),dph
030E 85F072    1146            mov     (_BluIndVolt + 2),b
0311 F573      1147            mov     (_BluIndVolt + 3),a
0313           1148   ;        D:\DevFiles\ELEC291_Dev_Files\Project2\Receiver.c:321: RedIndVolt = Volts_at_Pin(LQFP32_MUX_P1_7);
0313 758207    1149            mov     dpl,#0x07
0316 120100    1150            lcall   _Volts_at_Pin
0319 858230    1151            mov     _RedIndVolt,dpl
031C 858331    1152            mov     (_RedIndVolt + 1),dph
031F 85F032    1153            mov     (_RedIndVolt + 2),b
0322 F533      1154            mov     (_RedIndVolt + 3),a
0324           1155   ;        D:\DevFiles\ELEC291_Dev_Files\Project2\Receiver.c:322: FrtIndVolt = Volts_at_Pin(LQFP32_MUX_P2_0);
0324 758208    1156            mov     dpl,#0x08
0327 120100    1157            lcall   _Volts_at_Pin
032A 8582F0    1158            mov     _FrtIndVolt,dpl
032D 8583F1    1159            mov     (_FrtIndVolt + 1),dph
0330 85F0F2    1160            mov     (_FrtIndVolt + 2),b
0333 F5F3      1161            mov     (_FrtIndVolt + 3),a
0335 22        1162            ret
0336           1163   ;------------------------------------------------------------
0336           1164   ;Allocation info for local variables in function 'MotorControl'
0336           1165   ;------------------------------------------------------------
0336           1166   ;------------------------------------------------------------
0336           1167   ;        D:\DevFiles\ELEC291_Dev_Files\Project2\Receiver.c:329: void MotorControl (void)
0336           1168   ;        -----------------------------------------
0336           1169   ;         function MotorControl
0336           1170   ;        -----------------------------------------
0336           1171   _MotorControl:
0336           1172   ;        D:\DevFiles\ELEC291_Dev_Files\Project2\Receiver.c:332: switch (mode){
0336 E4        1173            clr     a
0337 B5B028    1174            cjne    a,_mode,L015021?
033A 020100    1175            ljmp    L015011?
033D           1176   L015021?:
033D 7403      1177            mov     a,#0x03
033F B5B0A8    1178            cjne    a,_mode,L015022?
0342 8001      1179            sjmp    L015023?
0344           1180   L015022?:
0344 22        1181            ret
0345           1182   L015023?:
0345           1183   ;        D:\DevFiles\ELEC291_Dev_Files\Project2\Receiver.c:334: if(FrtIndVolt > Vfront_thresh){
0345 E4        1184            clr     a
0346 C0E0      1185            push    acc
0348 C0E0      1186            push    acc
034A C0E0      1187            push    acc
034C 7440      1188            mov     a,#0x40
034E C0E0      1189            push    acc
0350 85F082    1190            mov     dpl,_FrtIndVolt
0353 85F183    1191            mov     dph,(_FrtIndVolt + 1)
0356 85F2F0    1192            mov     b,(_FrtIndVolt + 2)
0359 E5F3      1193            mov     a,(_FrtIndVolt + 3)
035B 120100    1194            lcall   ___fsgt
035E AA82      1195            mov     r2,dpl
0360 E581      1196            mov     a,sp
0362 24FC      1197            add     a,#0xfc
0364 F581      1198            mov     sp,a
0366 EA        1199            mov     a,r2
0367 6001      1200            jz      L015009?
0369           1201   ;        D:\DevFiles\ELEC291_Dev_Files\Project2\Receiver.c:335: pwm_BLU1= power;
0369 859830    1202            mov     _pwm_BLU1,_power
036C           1203   ;        D:\DevFiles\ELEC291_Dev_Files\Project2\Receiver.c:336: pwm_BLU0 = 0;
036C 757000    1204            mov     _pwm_BLU0,#0x00
036F           1205   ;        D:\DevFiles\ELEC291_Dev_Files\Project2\Receiver.c:337: pwm_RED1 = power;
036F 8598B0    1206            mov     _pwm_RED1,_power
0372           1207   ;        D:\DevFiles\ELEC291_Dev_Files\Project2\Receiver.c:338: pwm_RED0 = 0; 
0372 75F000    1208            mov     _pwm_RED0,#0x00
0375           1209   ;        D:\DevFiles\ELEC291_Dev_Files\Project2\Receiver.c:339: waitms(100);
0375 900064    1210            mov     dptr,#0x0064
0378 020100    1211            ljmp    _waitms
037B           1212   L015009?:
037B           1213   ;        D:\DevFiles\ELEC291_Dev_Files\Project2\Receiver.c:341: else if(BluIndVolt > Vblue_thresh){
037B 7433      1214            mov     a,#0x33
037D C0E0      1215            push    acc
037F C0E0      1216            push    acc
0381 74D3      1217            mov     a,#0xD3
0383 C0E0      1218            push    acc
0385 743F      1219            mov     a,#0x3F
0387 C0E0      1220            push    acc
0389 857082    1221            mov     dpl,_BluIndVolt
038C 857183    1222            mov     dph,(_BluIndVolt + 1)
038F 8572F0    1223            mov     b,(_BluIndVolt + 2)
0392 E573      1224            mov     a,(_BluIndVolt + 3)
0394 120100    1225            lcall   ___fsgt
0397 AA82      1226            mov     r2,dpl
0399 E581      1227            mov     a,sp
039B 24FC      1228            add     a,#0xfc
039D F581      1229            mov     sp,a
039F EA        1230            mov     a,r2
03A0 6001      1231            jz      L015006?
03A2           1232   ;        D:\DevFiles\ELEC291_Dev_Files\Project2\Receiver.c:342: pwm_BLU1= power-25;
03A2 E598      1233            mov     a,_power
03A4 24E7      1234            add     a,#0xe7
03A6 F530      1235            mov     _pwm_BLU1,a
03A8           1236   ;        D:\DevFiles\ELEC291_Dev_Files\Project2\Receiver.c:343: pwm_BLU0 = 0;
03A8 757000    1237            mov     _pwm_BLU0,#0x00
03AB           1238   ;        D:\DevFiles\ELEC291_Dev_Files\Project2\Receiver.c:344: pwm_RED1 = power+25;
03AB 7419      1239            mov     a,#0x19
03AD 2598      1240            add     a,_power
03AF F5B0      1241            mov     _pwm_RED1,a
03B1           1242   ;        D:\DevFiles\ELEC291_Dev_Files\Project2\Receiver.c:345: pwm_RED0 = 0;   
03B1 75F000    1243            mov     _pwm_RED0,#0x00
03B4 22        1244            ret
03B5           1245   L015006?:
03B5           1246   ;        D:\DevFiles\ELEC291_Dev_Files\Project2\Receiver.c:348: else if(RedIndVolt > Vred_thresh){
03B5 7433      1247            mov     a,#0x33
03B7 C0E0      1248            push    acc
03B9 C0E0      1249            push    acc
03BB 7493      1250            mov     a,#0x93
03BD C0E0      1251            push    acc
03BF 743F      1252            mov     a,#0x3F
03C1 C0E0      1253            push    acc
03C3 853082    1254            mov     dpl,_RedIndVolt
03C6 853183    1255            mov     dph,(_RedIndVolt + 1)
03C9 8532F0    1256            mov     b,(_RedIndVolt + 2)
03CC E533      1257            mov     a,(_RedIndVolt + 3)
03CE 120100    1258            lcall   ___fsgt
03D1 AA82      1259            mov     r2,dpl
03D3 E581      1260            mov     a,sp
03D5 24FC      1261            add     a,#0xfc
03D7 F581      1262            mov     sp,a
03D9 EA        1263            mov     a,r2
03DA 6001      1264            jz      L015003?
03DC           1265   ;        D:\DevFiles\ELEC291_Dev_Files\Project2\Receiver.c:349: pwm_BLU1=power+25;
03DC 7419      1266            mov     a,#0x19
03DE 2598      1267            add     a,_power
03E0 F530      1268            mov     _pwm_BLU1,a
03E2           1269   ;        D:\DevFiles\ELEC291_Dev_Files\Project2\Receiver.c:350: pwm_BLU0=0;
03E2 757000    1270            mov     _pwm_BLU0,#0x00
03E5           1271   ;        D:\DevFiles\ELEC291_Dev_Files\Project2\Receiver.c:351: pwm_RED1=power-25;
03E5 E598      1272            mov     a,_power
03E7 24E7      1273            add     a,#0xe7
03E9 F5B0      1274            mov     _pwm_RED1,a
03EB           1275   ;        D:\DevFiles\ELEC291_Dev_Files\Project2\Receiver.c:352: pwm_RED0=0;
03EB 75F000    1276            mov     _pwm_RED0,#0x00
03EE 22        1277            ret
03EF           1278   L015003?:
03EF           1279   ;        D:\DevFiles\ELEC291_Dev_Files\Project2\Receiver.c:355: pwm_BLU1 = power;
03EF 859830    1280            mov     _pwm_BLU1,_power
03F2           1281   ;        D:\DevFiles\ELEC291_Dev_Files\Project2\Receiver.c:356: pwm_BLU0 = 0;
03F2 757000    1282            mov     _pwm_BLU0,#0x00
03F5           1283   ;        D:\DevFiles\ELEC291_Dev_Files\Project2\Receiver.c:357: pwm_RED1 = power;
03F5 8598B0    1284            mov     _pwm_RED1,_power
03F8           1285   ;        D:\DevFiles\ELEC291_Dev_Files\Project2\Receiver.c:358: pwm_RED0 = 0;
03F8 75F000    1286            mov     _pwm_RED0,#0x00
03FB           1287   ;        D:\DevFiles\ELEC291_Dev_Files\Project2\Receiver.c:360: break;
03FB           1288   ;        D:\DevFiles\ELEC291_Dev_Files\Project2\Receiver.c:362: case STOP:
03FB 22        1289            ret
03FC           1290   L015011?:
03FC           1291   ;        D:\DevFiles\ELEC291_Dev_Files\Project2\Receiver.c:363: pwm_BLU1 = 0;
03FC 753000    1292            mov     _pwm_BLU1,#0x00
03FF           1293   ;        D:\DevFiles\ELEC291_Dev_Files\Project2\Receiver.c:364: pwm_BLU0 = 0;
03FF 757000    1294            mov     _pwm_BLU0,#0x00
0402           1295   ;        D:\DevFiles\ELEC291_Dev_Files\Project2\Receiver.c:365: pwm_RED1 = 0;
0402 75B000    1296            mov     _pwm_RED1,#0x00
0405           1297   ;        D:\DevFiles\ELEC291_Dev_Files\Project2\Receiver.c:366: pwm_RED0 = 0;
0405 75F000    1298            mov     _pwm_RED0,#0x00
0408           1299   ;        D:\DevFiles\ELEC291_Dev_Files\Project2\Receiver.c:372: }
0408 22        1300            ret
0409           1301   ;------------------------------------------------------------
0409           1302   ;Allocation info for local variables in function 'DebuggingFctn'
0409           1303   ;------------------------------------------------------------
0409           1304   ;------------------------------------------------------------
0409           1305   ;        D:\DevFiles\ELEC291_Dev_Files\Project2\Receiver.c:379: void DebuggingFctn (void)
0409           1306   ;        -----------------------------------------
0409           1307   ;         function DebuggingFctn
0409           1308   ;        -----------------------------------------
0409           1309   _DebuggingFctn:
0409           1310   ;        D:\DevFiles\ELEC291_Dev_Files\Project2\Receiver.c:381: printf("frequency = %f Hz\n", frequency);
0409 C0B0      1311            push    _frequency
040B C0B1      1312            push    (_frequency + 1)
040D C0B2      1313            push    (_frequency + 2)
040F C0B3      1314            push    (_frequency + 3)
0411 7428      1315            mov     a,#__str_0
0413 C0E0      1316            push    acc
0415 74A5      1317            mov     a,#(__str_0 >> 8)
0417 C0E0      1318            push    acc
0419 7480      1319            mov     a,#0x80
041B C0E0      1320            push    acc
041D 120100    1321            lcall   _printf
0420 E581      1322            mov     a,sp
0422 24F9      1323            add     a,#0xf9
0424 F581      1324            mov     sp,a
0426           1325   ;        D:\DevFiles\ELEC291_Dev_Files\Project2\Receiver.c:382: printf("Left(blue) ind voltage = %f V\n", BluIndVolt);
0426 C070      1326            push    _BluIndVolt
0428 C071      1327            push    (_BluIndVolt + 1)
042A C072      1328            push    (_BluIndVolt + 2)
042C C073      1329            push    (_BluIndVolt + 3)
042E 74A8      1330            mov     a,#__str_1
0430 C0E0      1331            push    acc
0432 74A5      1332            mov     a,#(__str_1 >> 8)
0434 C0E0      1333            push    acc
0436 7480      1334            mov     a,#0x80
0438 C0E0      1335            push    acc
043A 120100    1336            lcall   _printf
043D E581      1337            mov     a,sp
043F 24F9      1338            add     a,#0xf9
0441 F581      1339            mov     sp,a
0443           1340   ;        D:\DevFiles\ELEC291_Dev_Files\Project2\Receiver.c:383: printf("Right(red) ind voltage = %f V\n", RedIndVolt);
0443 C030      1341            push    _RedIndVolt
0445 C031      1342            push    (_RedIndVolt + 1)
0447 C032      1343            push    (_RedIndVolt + 2)
0449 C033      1344            push    (_RedIndVolt + 3)
044B 74E8      1345            mov     a,#__str_2
044D C0E0      1346            push    acc
044F 74A5      1347            mov     a,#(__str_2 >> 8)
0451 C0E0      1348            push    acc
0453 7480      1349            mov     a,#0x80
0455 C0E0      1350            push    acc
0457 120100    1351            lcall   _printf
045A E581      1352            mov     a,sp
045C 24F9      1353            add     a,#0xf9
045E F581      1354            mov     sp,a
0460           1355   ;        D:\DevFiles\ELEC291_Dev_Files\Project2\Receiver.c:384: printf("Front inductor voltage = %f V\n", FrtIndVolt);
0460 C0F0      1356            push    _FrtIndVolt
0462 C0F1      1357            push    (_FrtIndVolt + 1)
0464 C0F2      1358            push    (_FrtIndVolt + 2)
0466 C0F3      1359            push    (_FrtIndVolt + 3)
0468 7428      1360            mov     a,#__str_3
046A C0E0      1361            push    acc
046C 74A6      1362            mov     a,#(__str_3 >> 8)
046E C0E0      1363            push    acc
0470 7480      1364            mov     a,#0x80
0472 C0E0      1365            push    acc
0474 120100    1366            lcall   _printf
0477 E581      1367            mov     a,sp
0479 24F9      1368            add     a,#0xf9
047B F581      1369            mov     sp,a
047D 22        1370            ret
047E           1371   ;------------------------------------------------------------
047E           1372   ;Allocation info for local variables in function 'main'
047E           1373   ;------------------------------------------------------------
047E           1374   ;------------------------------------------------------------
047E           1375   ;        D:\DevFiles\ELEC291_Dev_Files\Project2\Receiver.c:392: void main (void)
047E           1376   ;        -----------------------------------------
047E           1377   ;         function main
047E           1378   ;        -----------------------------------------
047E           1379   _main:
047E           1380   ;        D:\DevFiles\ELEC291_Dev_Files\Project2\Receiver.c:395: TIMER0_Init(); // Initialize timer 0 to read the frequency of the fm signal
047E 120100    1381            lcall   _TIMER0_Init
0481           1382   ;        D:\DevFiles\ELEC291_Dev_Files\Project2\Receiver.c:396: TIMER2_Init(); // Initialize timer 2 for periodic interrupts used for motor control
0481 120100    1383            lcall   _TIMER2_Init
0484           1384   ;        D:\DevFiles\ELEC291_Dev_Files\Project2\Receiver.c:397: EA=1; // Enable interrupts
0484 D2AF      1385            setb    _EA
0486           1386   ;        D:\DevFiles\ELEC291_Dev_Files\Project2\Receiver.c:398: dirout = 0; // define initial direction to be CCW
0486 757000    1387            mov     _dirout,#0x00
0489           1388   ;        D:\DevFiles\ELEC291_Dev_Files\Project2\Receiver.c:399: InitPinADC(1, 7); // Configure P1.7 as analog input
0489 755007    1389            mov     _InitPinADC_PARM_2,#0x07
048C 758201    1390            mov     dpl,#0x01
048F 120100    1391            lcall   _InitPinADC
0492           1392   ;        D:\DevFiles\ELEC291_Dev_Files\Project2\Receiver.c:400: InitPinADC(2, 0); // Configure P2.0 as analog input
0492 755000    1393            mov     _InitPinADC_PARM_2,#0x00
0495 758202    1394            mov     dpl,#0x02
0498 120100    1395            lcall   _InitPinADC
049B           1396   ;        D:\DevFiles\ELEC291_Dev_Files\Project2\Receiver.c:401: InitPinADC(2, 7); // Configure P2.7 as analog input
049B 755007    1397            mov     _InitPinADC_PARM_2,#0x07
049E 758202    1398            mov     dpl,#0x02
04A1 120100    1399            lcall   _InitPinADC
04A4           1400   ;        D:\DevFiles\ELEC291_Dev_Files\Project2\Receiver.c:402: InitADC();
04A4 120100    1401            lcall   _InitADC
04A7           1402   ;        D:\DevFiles\ELEC291_Dev_Files\Project2\Receiver.c:404: printf("\x1b[2J"); // Clear screen using ANSI escape sequence.
04A7 7468      1403            mov     a,#__str_4
04A9 C0E0      1404            push    acc
04AB 74A6      1405            mov     a,#(__str_4 >> 8)
04AD C0E0      1406            push    acc
04AF 7480      1407            mov     a,#0x80
04B1 C0E0      1408            push    acc
04B3 120100    1409            lcall   _printf
04B6 1581      1410            dec     sp
04B8 1581      1411            dec     sp
04BA 1581      1412            dec     sp
04BC           1413   ;        D:\DevFiles\ELEC291_Dev_Files\Project2\Receiver.c:408: while(1)
04BC           1414   L017002?:
04BC           1415   ;        D:\DevFiles\ELEC291_Dev_Files\Project2\Receiver.c:411: DetermineMode();
04BC 120100    1416            lcall   _DetermineMode
04BF           1417   ;        D:\DevFiles\ELEC291_Dev_Files\Project2\Receiver.c:414: ReadInductorStatus();
04BF 120100    1418            lcall   _ReadInductorStatus
04C2           1419   ;        D:\DevFiles\ELEC291_Dev_Files\Project2\Receiver.c:417: MotorControl();
04C2 120100    1420            lcall   _MotorControl
04C5           1421   ;        D:\DevFiles\ELEC291_Dev_Files\Project2\Receiver.c:424: waitms(80);
04C5 900050    1422            mov     dptr,#0x0050
04C8 120100    1423            lcall   _waitms
04CB 8001      1424            sjmp    L017002?
04CD           1425            rseg R_CSEG
04CD           1426   
0000           1427            rseg R_XINIT
0000           1428   
0000           1429            rseg R_CONST
0000           1430   __str_0:
0000 66726571  1431            db 'frequency = %f Hz'
     75656E63
     79203D20
     25662048
     7A
0011 0A        1432            db 0x0A
0012 00        1433            db 0x00
0013           1434   __str_1:
0013 4C656674  1435            db 'Left(blue) ind voltage = %f V'
     28626C75
     65292069
     6E642076
     6F6C7461
     6765203D
     20256620
     56
0030 0A        1436            db 0x0A
0031 00        1437            db 0x00
0032           1438   __str_2:
0032 52696768  1439            db 'Right(red) ind voltage = %f V'
     74287265
     64292069
     6E642076
     6F6C7461
     6765203D
     20256620
     56
004F 0A        1440            db 0x0A
0050 00        1441            db 0x00
0051           1442   __str_3:
0051 46726F6E  1443            db 'Front inductor voltage = %f V'
     7420696E
     64756374
     6F722076
     6F6C7461
     6765203D
     20256620
     56
006E 0A        1444            db 0x0A
006F 00        1445            db 0x00
0070           1446   __str_4:
0070 1B        1447            db 0x1B
0071 5B324A    1448            db '[2J'
0074 00        1449            db 0x00
0075           1450   
002E           1451            CSEG
002E           1452   
002E           1453   end
